     1 00000000                                 [FORMAT "WCOFF"]
     2 00000000                                 [INSTRSET "i486p"]
     3 00000000                                 [OPTIMIZE 1]
     4 00000000                                 [OPTION 1]
     5 00000000                                 [BITS 32]
     6 00000000                                 	EXTERN	__alloca
     7 00000000                                 	EXTERN	_api_openwin
     8 00000000                                 	EXTERN	_api_boxfilwin
     9 00000000                                 	EXTERN	_table.0
    10 00000000                                 	EXTERN	_api_linewin
    11 00000000                                 [FILE "2dball.c"]
    12                                          [SECTION .data]
    13 00000000                                 _table.0:
    14 00000000 000000CC                        	DD	204
    15 00000004 00000081                        	DD	129
    16 00000008 000000C3                        	DD	195
    17 0000000C 0000005A                        	DD	90
    18 00000010 000000AC                        	DD	172
    19 00000014 0000003A                        	DD	58
    20 00000018 00000089                        	DD	137
    21 0000001C 00000026                        	DD	38
    22 00000020 00000062                        	DD	98
    23 00000024 00000022                        	DD	34
    24 00000028 0000003D                        	DD	61
    25 0000002C 0000002E                        	DD	46
    26 00000030 0000001F                        	DD	31
    27 00000034 00000049                        	DD	73
    28 00000038 0000000F                        	DD	15
    29 0000003C 0000006E                        	DD	110
    30 00000040 0000000F                        	DD	15
    31 00000044 00000094                        	DD	148
    32 00000048 0000001F                        	DD	31
    33 0000004C 000000B9                        	DD	185
    34 00000050 0000003D                        	DD	61
    35 00000054 000000D4                        	DD	212
    36 00000058 00000062                        	DD	98
    37 0000005C 000000E0                        	DD	224
    38 00000060 00000089                        	DD	137
    39 00000064 000000DC                        	DD	220
    40 00000068 000000AC                        	DD	172
    41 0000006C 000000C8                        	DD	200
    42 00000070 000000C3                        	DD	195
    43 00000074 000000A8                        	DD	168
    44 00000078 000000CC                        	DD	204
    45 0000007C 00000081                        	DD	129
    46 00000080                                 LC0:
    47 00000080 32 64 42 61 6C 6C 00            	DB	"2dBall",0x00
    48                                          [SECTION .text]
    49 00000000                                 	GLOBAL	__main
    50 00000000                                 __main:
    51 00000000 55                              	PUSH	EBP
    52 00000001 B8 0000C804                     	MOV	EAX,51204
    53 00000006 89 E5                           	MOV	EBP,ESP
    54 00000008 57                              	PUSH	EDI
    55 00000009 56                              	PUSH	ESI
    56 0000000A 53                              	PUSH	EBX
    57 0000000B E8 [00000000]                   	CALL	__alloca
    58 00000010 8D 85 FFFF37F4                  	LEA	EAX,DWORD [-51212+EBP]
    59 00000016 68 [00000080]                   	PUSH	LC0
    60 0000001B 68 000000FF                     	PUSH	255
    61 00000020 68 000000ED                     	PUSH	237
    62 00000025 68 000000D8                     	PUSH	216
    63 0000002A 50                              	PUSH	EAX
    64 0000002B E8 [00000000]                   	CALL	_api_openwin
    65 00000030 6A 00                           	PUSH	0
    66 00000032 68 000000E4                     	PUSH	228
    67 00000037 89 C7                           	MOV	EDI,EAX
    68 00000039 68 000000CF                     	PUSH	207
    69 0000003E 6A 1D                           	PUSH	29
    70 00000040 6A 08                           	PUSH	8
    71 00000042 50                              	PUSH	EAX
    72 00000043 E8 [00000000]                   	CALL	_api_boxfilwin
    73 00000048 83 C4 2C                        	ADD	ESP,44
    74 0000004B                                 L2:
    75 0000004B FF 85 FFFF37F0                  	INC	DWORD [-51216+EBP]
    76 00000051 31 F6                           	XOR	ESI,ESI
    77 00000053                                 L16:
    78 00000053 8D 5E 01                        	LEA	EBX,DWORD [1+ESI]
    79 00000056 83 FB 0F                        	CMP	EBX,15
    80 00000059 7F 41                           	JG	L19
    81 0000005B                                 L15:
    82 0000005B 89 DA                           	MOV	EDX,EBX
    83 0000005D 29 F2                           	SUB	EDX,ESI
    84 0000005F 83 FA 07                        	CMP	EDX,7
    85 00000062 7E 09                           	JLE	L13
    86 00000064 B8 0000000F                     	MOV	EAX,15
    87 00000069 29 D0                           	SUB	EAX,EDX
    88 0000006B 89 C2                           	MOV	EDX,EAX
    89 0000006D                                 L13:
    90 0000006D 85 D2                           	TEST	EDX,EDX
    91 0000006F 74 25                           	JE	L11
    92 00000071 8B 85 FFFF37F0                  	MOV	EAX,DWORD [-51216+EBP]
    93 00000077 29 D0                           	SUB	EAX,EDX
    94 00000079 50                              	PUSH	EAX
    95 0000007A B8 [00000000]                   	MOV	EAX,_table.0
    96 0000007F FF 74 D8 04                     	PUSH	DWORD [4+EAX+EBX*8]
    97 00000083 FF 34 D8                        	PUSH	DWORD [EAX+EBX*8]
    98 00000086 FF 74 F0 04                     	PUSH	DWORD [4+EAX+ESI*8]
    99 0000008A FF 34 F0                        	PUSH	DWORD [EAX+ESI*8]
   100 0000008D 57                              	PUSH	EDI
   101 0000008E E8 [00000000]                   	CALL	_api_linewin
   102 00000093 83 C4 18                        	ADD	ESP,24
   103 00000096                                 L11:
   104 00000096 43                              	INC	EBX
   105 00000097 83 FB 0F                        	CMP	EBX,15
   106 0000009A 7E BF                           	JLE	L15
   107 0000009C                                 L19:
   108 0000009C 46                              	INC	ESI
   109 0000009D 83 FE 0E                        	CMP	ESI,14
   110 000000A0 7E B1                           	JLE	L16
   111 000000A2 EB A7                           	JMP	L2
