     1 00000000                                 [FORMAT "WCOFF"]
     2 00000000                                 [INSTRSET "i486p"]
     3 00000000                                 [OPTIMIZE 1]
     4 00000000                                 [OPTION 1]
     5 00000000                                 [BITS 32]
     6 00000000                                 	EXTERN	__alloca
     7 00000000                                 	EXTERN	_api_openwin
     8 00000000                                 	EXTERN	_api_boxfilwin
     9 00000000                                 	EXTERN	_api_alloctimer
    10 00000000                                 	EXTERN	_api_inittimer
    11 00000000                                 	EXTERN	_tomo_gettick
    12 00000000                                 	EXTERN	_rand_seed
    13 00000000                                 	EXTERN	_api_getkey
    14 00000000                                 	EXTERN	_rand
    15 00000000                                 	EXTERN	_py
    16 00000000                                 	EXTERN	_px
    17 00000000                                 	EXTERN	_api_refreshwin
    18 00000000                                 	EXTERN	_api_point
    19 00000000                                 	EXTERN	_api_putstrwin
    20 00000000                                 	EXTERN	_api_settimer
    21 00000000                                 [FILE "cvtg.c"]
    22                                          [SECTION .data]
    23 00000000                                 	ALIGNB	4
    24 00000000                                 _px:
    25 00000000 0000000A                        	DD	10
    26 00000004 00000026                        	DD	38
    27 00000008 00000019                        	DD	25
    28 0000000C 0000000A                        	DD	10
    29 00000010 00000026                        	DD	38
    30 00000014                                 	ALIGNB	4
    31 00000014                                 _py:
    32 00000014 00000002                        	DD	2
    33 00000018 00000002                        	DD	2
    34 0000001C 00000007                        	DD	7
    35 00000020 0000000C                        	DD	12
    36 00000024 0000000C                        	DD	12
    37 00000028                                 	ALIGNB	4
    38 00000028                                 LC0:
    39 00000028 FFFFFFFF                        	DD	-1
    40 0000002C FFFFFFFF                        	DD	-1
    41 00000030 FFFFFFFF                        	DD	-1
    42 00000034 FFFFFFFF                        	DD	-1
    43 00000038 FFFFFFFF                        	DD	-1
    44 0000003C                                 LC1:
    45 0000003C 43 2E 56 2E 54 2E 47 2E 00      	DB	"C.V.T.G.",0x00
    46 00000045                                 LC2:
    47 00000045 56 45 52 53 49 4F 4E 20 30 2E   	DB	"VERSION 0.3",0x00
       0000004F 33 00 
    48 00000051                                 LC3:
    49 00000051 3E 3E 20 50 52 45 53 53 20 45   	DB	">> PRESS ENTER KEY. <<",0x00
       0000005B 4E 54 45 52 20 4B 45 59 2E 20 
       00000065 3C 3C 00 
    50 00000068                                 LC4:
    51 00000068 20 20 00                        	DB	"  ",0x00
    52 0000006B                                 LC5:
    53 0000006B 5F 5F 00                        	DB	"__",0x00
    54 0000006E                                 LC6:
    55 0000006E 3E 00                           	DB	">",0x00
    56 00000070                                 LC7:
    57 00000070 48 45 4C 50 3A 20 30 3D 20 20   	DB	"HELP: 0=   1=   TAB=MOVE BS=CLEAR ENTER=OK",0x00
       0000007A 20 31 3D 20 20 20 54 41 42 3D 
       00000084 4D 4F 56 45 20 42 53 3D 43 4C 
       0000008E 45 41 52 20 45 4E 54 45 52 3D 
       00000098 4F 4B 00 
    58 0000009B                                 LC11:
    59 0000009B 4D 49 53 53 21 00               	DB	"MISS!",0x00
    60 000000A1                                 LC12:
    61 000000A1 2A 00                           	DB	"*",0x00
    62 000000A3                                 LC14:
    63 000000A3 48 45 4C 50 3A 20 5B 45 4E 54   	DB	"HELP: [ENTER]=RETRY",0x00
       000000AD 45 52 5D 3D 52 45 54 52 59 00 
    64 000000B7                                 LC15:
    65 000000B7 50 52 45 53 53 20 45 4E 54 45   	DB	"PRESS ENTER KEY.   ",0x00
       000000C1 52 20 4B 45 59 2E 20 20 20 00 
    66 000000CB                                 LC13:
    67 000000CB 47 41 4D 45 20 4F 56 45 52 21   	DB	"GAME OVER!",0x00
       000000D5 00 
    68 000000D6                                 LC10:
    69 000000D6 48 49 54 21 00                  	DB	"HIT!",0x00
    70 000000DB                                 LC9:
    71 000000DB 30 3D 20 20 20 31 3D 00         	DB	"0=   1=",0x00
    72 000000E3                                 LC8:
    73 000000E3 30 2D 39 3D 4E 55 4D 20 20 00   	DB	"0-9=NUM  ",0x00
    74                                          [SECTION .text]
    75 00000000                                 	GLOBAL	__main
    76 00000000                                 __main:
    77 00000000 55                              	PUSH	EBP
    78 00000001 B8 0001D550                     	MOV	EAX,120144
    79 00000006 89 E5                           	MOV	EBP,ESP
    80 00000008 57                              	PUSH	EDI
    81 00000009 56                              	PUSH	ESI
    82 0000000A BE [00000028]                   	MOV	ESI,LC0
    83 0000000F 8D 7D B8                        	LEA	EDI,DWORD [-72+EBP]
    84 00000012 E8 [00000000]                   	CALL	__alloca
    85 00000017 FC                              	CLD
    86 00000018 B9 00000005                     	MOV	ECX,5
    87 0000001D 8D 85 FFFE2AA8                  	LEA	EAX,DWORD [-120152+EBP]
    88 00000023 F3                              	REP
    89 00000024 A5                              	MOVSD
    90 00000025 68 [0000003C]                   	PUSH	LC1
    91 0000002A 68 000000FF                     	PUSH	255
    92 0000002F 68 00000122                     	PUSH	290
    93 00000034 68 0000019E                     	PUSH	414
    94 00000039 50                              	PUSH	EAX
    95 0000003A E8 [00000000]                   	CALL	_api_openwin
    96 0000003F 6A 00                           	PUSH	0
    97 00000041 68 0000011A                     	PUSH	282
    98 00000046 A3 [00000140]                   	MOV	DWORD [_win],EAX
    99 0000004B 68 00000196                     	PUSH	406
   100 00000050 6A 1A                           	PUSH	26
   101 00000052 6A 06                           	PUSH	6
   102 00000054 50                              	PUSH	EAX
   103 00000055 E8 [00000000]                   	CALL	_api_boxfilwin
   104 0000005A 83 C4 2C                        	ADD	ESP,44
   105 0000005D E8 [00000000]                   	CALL	_api_alloctimer
   106 00000062 68 00000080                     	PUSH	128
   107 00000067 A3 [00000144]                   	MOV	DWORD [_timer],EAX
   108 0000006C 50                              	PUSH	EAX
   109 0000006D E8 [00000000]                   	CALL	_api_inittimer
   110 00000072 E8 [00000000]                   	CALL	_tomo_gettick
   111 00000077 59                              	POP	ECX
   112 00000078 A3 [00000000]                   	MOV	DWORD [_rand_seed],EAX
   113 0000007D 5E                              	POP	ESI
   114 0000007E C7 05 [0000014C] 000001A4       	MOV	DWORD [_hispeed],420
   115 00000088                                 L2:
   116 00000088 68 [0000003C]                   	PUSH	LC1
   117 0000008D 31 FF                           	XOR	EDI,EDI
   118 0000008F 6A 08                           	PUSH	8
   119 00000091 6A 00                           	PUSH	0
   120 00000093 6A 02                           	PUSH	2
   121 00000095 6A 03                           	PUSH	3
   122 00000097 6A 15                           	PUSH	21
   123 00000099 C7 05 [00000148] 000003E7       	MOV	DWORD [_speed],999
   124 000000A3 E8 000006E8                     	CALL	_putstr
   125 000000A8 68 [00000045]                   	PUSH	LC2
   126 000000AD 6A 0B                           	PUSH	11
   127 000000AF 6A 00                           	PUSH	0
   128 000000B1 6A 03                           	PUSH	3
   129 000000B3 6A 05                           	PUSH	5
   130 000000B5 6A 13                           	PUSH	19
   131 000000B7 E8 000006D4                     	CALL	_putstr
   132 000000BC 83 C4 30                        	ADD	ESP,48
   133 000000BF 68 [00000051]                   	PUSH	LC3
   134 000000C4 6A 16                           	PUSH	22
   135 000000C6 6A 06                           	PUSH	6
   136 000000C8 6A 04                           	PUSH	4
   137 000000CA 6A 08                           	PUSH	8
   138 000000CC 6A 0E                           	PUSH	14
   139 000000CE E8 000006BD                     	CALL	_putstr
   140 000000D3 83 C4 18                        	ADD	ESP,24
   141 000000D6                                 L3:
   142 000000D6 6A 01                           	PUSH	1
   143 000000D8 E8 [00000000]                   	CALL	_api_getkey
   144 000000DD 5A                              	POP	EDX
   145 000000DE 83 F8 0A                        	CMP	EAX,10
   146 000000E1 75 F3                           	JNE	L3
   147 000000E3 6A 08                           	PUSH	8
   148 000000E5 6A 03                           	PUSH	3
   149 000000E7 6A 15                           	PUSH	21
   150 000000E9 E8 00000732                     	CALL	_clearstr
   151 000000EE 6A 0B                           	PUSH	11
   152 000000F0 6A 05                           	PUSH	5
   153 000000F2 6A 13                           	PUSH	19
   154 000000F4 E8 00000727                     	CALL	_clearstr
   155 000000F9 6A 16                           	PUSH	22
   156 000000FB 6A 08                           	PUSH	8
   157 000000FD 6A 0E                           	PUSH	14
   158 000000FF E8 0000071C                     	CALL	_clearstr
   159 00000104 83 C4 24                        	ADD	ESP,36
   160 00000107                                 L6:
   161 00000107 6A 00                           	PUSH	0
   162 00000109 BE 00000003                     	MOV	ESI,3
   163 0000010E E8 000005D2                     	CALL	_putspeed
   164 00000113 58                              	POP	EAX
   165 00000114                                 L11:
   166 00000114 8D 46 30                        	LEA	EAX,DWORD [48+ESI]
   167 00000117 4E                              	DEC	ESI
   168 00000118 88 45 A8                        	MOV	BYTE [-88+EBP],AL
   169 0000011B 8D 45 A8                        	LEA	EAX,DWORD [-88+EBP]
   170 0000011E 50                              	PUSH	EAX
   171 0000011F 6A 01                           	PUSH	1
   172 00000121 6A 00                           	PUSH	0
   173 00000123 6A 02                           	PUSH	2
   174 00000125 6A 06                           	PUSH	6
   175 00000127 6A 19                           	PUSH	25
   176 00000129 C6 45 A9 00                     	MOV	BYTE [-87+EBP],0
   177 0000012D E8 0000065E                     	CALL	_putstr
   178 00000132 6A 00                           	PUSH	0
   179 00000134 6A 01                           	PUSH	1
   180 00000136 6A 00                           	PUSH	0
   181 00000138 E8 00000716                     	CALL	_mytimer
   182 0000013D 83 C4 24                        	ADD	ESP,36
   183 00000140 85 F6                           	TEST	ESI,ESI
   184 00000142 7F D0                           	JG	L11
   185 00000144 6A 01                           	PUSH	1
   186 00000146 31 F6                           	XOR	ESI,ESI
   187 00000148 6A 06                           	PUSH	6
   188 0000014A 6A 19                           	PUSH	25
   189 0000014C E8 000006CF                     	CALL	_clearstr
   190 00000151 6A 01                           	PUSH	1
   191 00000153 E8 0000058D                     	CALL	_putspeed
   192 00000158 83 C4 10                        	ADD	ESP,16
   193 0000015B                                 L17:
   194 0000015B 83 FE 02                        	CMP	ESI,2
   195 0000015E 0F 84 0000042E                  	JE	L66
   196 00000164 E8 [00000000]                   	CALL	_rand
   197 00000169 6A 02                           	PUSH	2
   198 0000016B BA 00000002                     	MOV	EDX,2
   199 00000170 89 D1                           	MOV	ECX,EDX
   200 00000172 99                              	CDQ
   201 00000173 F7 F9                           	IDIV	ECX
   202 00000175 FF 34 B5 [00000014]             	PUSH	DWORD [_py+ESI*4]
   203 0000017C FF 34 B5 [00000000]             	PUSH	DWORD [_px+ESI*4]
   204 00000183 52                              	PUSH	EDX
   205 00000184 89 54 B5 D8                     	MOV	DWORD [-40+EBP+ESI*4],EDX
   206 00000188 E8 00000484                     	CALL	_putform1
   207 0000018D 83 C4 10                        	ADD	ESP,16
   208 00000190                                 L14:
   209 00000190 46                              	INC	ESI
   210 00000191 83 FE 04                        	CMP	ESI,4
   211 00000194 7E C5                           	JLE	L17
   212 00000196 6A 00                           	PUSH	0
   213 00000198 31 F6                           	XOR	ESI,ESI
   214 0000019A 6A 00                           	PUSH	0
   215 0000019C FF 35 [00000148]                	PUSH	DWORD [_speed]
   216 000001A2 E8 000006AC                     	CALL	_mytimer
   217 000001A7 6A 02                           	PUSH	2
   218 000001A9 6A 00                           	PUSH	0
   219 000001AB 68 [00000068]                   	PUSH	LC4
   220 000001B0 E8 0000041F                     	CALL	_putform
   221 000001B5 6A 00                           	PUSH	0
   222 000001B7 6A 01                           	PUSH	1
   223 000001B9 6A 00                           	PUSH	0
   224 000001BB E8 00000693                     	CALL	_mytimer
   225 000001C0 83 C4 24                        	ADD	ESP,36
   226 000001C3 6A 02                           	PUSH	2
   227 000001C5 6A 00                           	PUSH	0
   228 000001C7 68 [0000006B]                   	PUSH	LC5
   229 000001CC E8 00000403                     	CALL	_putform
   230 000001D1 6A 00                           	PUSH	0
   231 000001D3 E8 0000050D                     	CALL	_putspeed
   232 000001D8 A1 [00000000]                   	MOV	EAX,DWORD [_px]
   233 000001DD 68 [0000006E]                   	PUSH	LC6
   234 000001E2 48                              	DEC	EAX
   235 000001E3 6A 01                           	PUSH	1
   236 000001E5 6A 00                           	PUSH	0
   237 000001E7 6A 03                           	PUSH	3
   238 000001E9 FF 35 [00000014]                	PUSH	DWORD [_py]
   239 000001EF 50                              	PUSH	EAX
   240 000001F0 E8 0000059B                     	CALL	_putstr
   241 000001F5 83 C4 28                        	ADD	ESP,40
   242 000001F8 68 [00000070]                   	PUSH	LC7
   243 000001FD 6A 2A                           	PUSH	42
   244 000001FF 6A 00                           	PUSH	0
   245 00000201 6A 06                           	PUSH	6
   246 00000203 6A 0F                           	PUSH	15
   247 00000205 6A 00                           	PUSH	0
   248 00000207 E8 00000584                     	CALL	_putstr
   249 0000020C 6A 06                           	PUSH	6
   250 0000020E 6A 0F                           	PUSH	15
   251 00000210 6A 08                           	PUSH	8
   252 00000212 6A 00                           	PUSH	0
   253 00000214 E8 000003F8                     	CALL	_putform1
   254 00000219 83 C4 28                        	ADD	ESP,40
   255 0000021C 6A 06                           	PUSH	6
   256 0000021E 6A 0F                           	PUSH	15
   257 00000220 6A 0D                           	PUSH	13
   258 00000222 6A 01                           	PUSH	1
   259 00000224 E8 000003E8                     	CALL	_putform1
   260 00000229                                 L63:
   261 00000229 83 C4 10                        	ADD	ESP,16
   262 0000022C                                 L18:
   263 0000022C 6A 01                           	PUSH	1
   264 0000022E E8 [00000000]                   	CALL	_api_getkey
   265 00000233 59                              	POP	ECX
   266 00000234 8D 50 D0                        	LEA	EDX,DWORD [-48+EAX]
   267 00000237 83 FA 09                        	CMP	EDX,9
   268 0000023A 77 30                           	JA	L21
   269 0000023C 83 FE 02                        	CMP	ESI,2
   270 0000023F 0F 84 00000316                  	JE	L67
   271 00000245 83 FA 01                        	CMP	EDX,1
   272 00000248 7F E2                           	JG	L18
   273 0000024A 6A 02                           	PUSH	2
   274 0000024C 89 54 B5 B8                     	MOV	DWORD [-72+EBP+ESI*4],EDX
   275 00000250 FF 34 B5 [00000014]             	PUSH	DWORD [_py+ESI*4]
   276 00000257 FF 34 B5 [00000000]             	PUSH	DWORD [_px+ESI*4]
   277 0000025E 52                              	PUSH	EDX
   278 0000025F E8 000003AD                     	CALL	_putform1
   279 00000264 83 C4 10                        	ADD	ESP,16
   280 00000267                                 L23:
   281 00000267 B8 00000009                     	MOV	EAX,9
   282 0000026C                                 L21:
   283 0000026C 83 F8 08                        	CMP	EAX,8
   284 0000026F 0F 84 000002C3                  	JE	L68
   285 00000275 83 F8 09                        	CMP	EAX,9
   286 00000278 0F 84 0000020C                  	JE	L69
   287 0000027E 83 F8 0A                        	CMP	EAX,10
   288 00000281 75 A9                           	JNE	L18
   289 00000283 6A 01                           	PUSH	1
   290 00000285 8B 04 B5 [00000000]             	MOV	EAX,DWORD [_px+ESI*4]
   291 0000028C 48                              	DEC	EAX
   292 0000028D FF 34 B5 [00000014]             	PUSH	DWORD [_py+ESI*4]
   293 00000294 50                              	PUSH	EAX
   294 00000295 E8 00000586                     	CALL	_clearstr
   295 0000029A 8B 45 B8                        	MOV	EAX,DWORD [-72+EBP]
   296 0000029D 83 C4 0C                        	ADD	ESP,12
   297 000002A0 39 45 D8                        	CMP	DWORD [-40+EBP],EAX
   298 000002A3 0F 84 0000017F                  	JE	L70
   299 000002A9                                 L32:
   300 000002A9 68 [0000009B]                   	PUSH	LC11
   301 000002AE 31 F6                           	XOR	ESI,ESI
   302 000002B0 6A 05                           	PUSH	5
   303 000002B2 6A 06                           	PUSH	6
   304 000002B4 6A 04                           	PUSH	4
   305 000002B6 6A 0A                           	PUSH	10
   306 000002B8 6A 17                           	PUSH	23
   307 000002BA E8 000004D1                     	CALL	_putstr
   308 000002BF 83 C4 18                        	ADD	ESP,24
   309 000002C2                                 L40:
   310 000002C2 83 FE 02                        	CMP	ESI,2
   311 000002C5 0F 84 0000012C                  	JE	L71
   312 000002CB 8B 04 B5 [00000014]             	MOV	EAX,DWORD [_py+ESI*4]
   313 000002D2 6A 01                           	PUSH	1
   314 000002D4 40                              	INC	EAX
   315 000002D5 50                              	PUSH	EAX
   316 000002D6 FF 34 B5 [00000000]             	PUSH	DWORD [_px+ESI*4]
   317 000002DD FF 74 B5 D8                     	PUSH	DWORD [-40+EBP+ESI*4]
   318 000002E1 E8 0000032B                     	CALL	_putform1
   319 000002E6 83 C4 10                        	ADD	ESP,16
   320 000002E9                                 L36:
   321 000002E9 46                              	INC	ESI
   322 000002EA 83 FE 04                        	CMP	ESI,4
   323 000002ED 7E D3                           	JLE	L40
   324 000002EF 68 [000000A1]                   	PUSH	LC12
   325 000002F4 47                              	INC	EDI
   326 000002F5 6A 01                           	PUSH	1
   327 000002F7 6A 00                           	PUSH	0
   328 000002F9 8D 47 2C                        	LEA	EAX,DWORD [44+EDI]
   329 000002FC 6A 05                           	PUSH	5
   330 000002FE 6A 0F                           	PUSH	15
   331 00000300 50                              	PUSH	EAX
   332 00000301 E8 0000048A                     	CALL	_putstr
   333 00000306 83 C4 18                        	ADD	ESP,24
   334 00000309 83 FF 03                        	CMP	EDI,3
   335 0000030C 0F 84 000000BE                  	JE	L72
   336 00000312                                 L19:
   337 00000312 6A 00                           	PUSH	0
   338 00000314 6A 01                           	PUSH	1
   339 00000316 6A 00                           	PUSH	0
   340 00000318 E8 00000536                     	CALL	_mytimer
   341 0000031D 83 C4 0C                        	ADD	ESP,12
   342 00000320 83 FF 02                        	CMP	EDI,2
   343 00000323 0F 8F 0000009D                  	JG	L42
   344 00000329 68 [000000A3]                   	PUSH	LC14
   345 0000032E                                 L65:
   346 0000032E 6A 13                           	PUSH	19
   347 00000330 6A 00                           	PUSH	0
   348 00000332 6A 06                           	PUSH	6
   349 00000334 6A 0F                           	PUSH	15
   350 00000336 6A 00                           	PUSH	0
   351 00000338 E8 00000453                     	CALL	_putstr
   352 0000033D 83 C4 18                        	ADD	ESP,24
   353 00000340 6A 17                           	PUSH	23
   354 00000342 6A 0F                           	PUSH	15
   355 00000344 6A 13                           	PUSH	19
   356 00000346 E8 000004D5                     	CALL	_clearstr
   357 0000034B 83 C4 0C                        	ADD	ESP,12
   358 0000034E                                 L44:
   359 0000034E 6A 01                           	PUSH	1
   360 00000350 E8 [00000000]                   	CALL	_api_getkey
   361 00000355 5A                              	POP	EDX
   362 00000356 83 F8 0A                        	CMP	EAX,10
   363 00000359 75 F3                           	JNE	L44
   364 0000035B 31 F6                           	XOR	ESI,ESI
   365 0000035D                                 L52:
   366 0000035D C7 44 B5 B8 FFFFFFFF            	MOV	DWORD [-72+EBP+ESI*4],-1
   367 00000365 46                              	INC	ESI
   368 00000366 83 FE 04                        	CMP	ESI,4
   369 00000369 7E F2                           	JLE	L52
   370 0000036B 6A 02                           	PUSH	2
   371 0000036D 6A 00                           	PUSH	0
   372 0000036F 68 [00000068]                   	PUSH	LC4
   373 00000374 E8 0000025B                     	CALL	_putform
   374 00000379 6A 02                           	PUSH	2
   375 0000037B 6A 01                           	PUSH	1
   376 0000037D 68 [00000068]                   	PUSH	LC4
   377 00000382 E8 0000024D                     	CALL	_putform
   378 00000387 6A 0A                           	PUSH	10
   379 00000389 6A 0A                           	PUSH	10
   380 0000038B 6A 15                           	PUSH	21
   381 0000038D E8 0000048E                     	CALL	_clearstr
   382 00000392 83 C4 24                        	ADD	ESP,36
   383 00000395 6A 13                           	PUSH	19
   384 00000397 6A 0F                           	PUSH	15
   385 00000399 6A 00                           	PUSH	0
   386 0000039B E8 00000480                     	CALL	_clearstr
   387 000003A0 83 C4 0C                        	ADD	ESP,12
   388 000003A3 83 FF 03                        	CMP	EDI,3
   389 000003A6 0F 85 FFFFFD5B                  	JNE	L6
   390 000003AC 6A 01                           	PUSH	1
   391 000003AE E8 00000332                     	CALL	_putspeed
   392 000003B3 6A 03                           	PUSH	3
   393 000003B5 6A 0F                           	PUSH	15
   394 000003B7 6A 2D                           	PUSH	45
   395 000003B9 E8 00000462                     	CALL	_clearstr
   396 000003BE 83 C4 10                        	ADD	ESP,16
   397 000003C1 E9 FFFFFCC2                     	JMP	L2
   398 000003C6                                 L42:
   399 000003C6 68 [000000B7]                   	PUSH	LC15
   400 000003CB E9 FFFFFF5E                     	JMP	L65
   401 000003D0                                 L72:
   402 000003D0 68 [000000CB]                   	PUSH	LC13
   403 000003D5 6A 0A                           	PUSH	10
   404 000003D7 6A 06                           	PUSH	6
   405 000003D9 6A 04                           	PUSH	4
   406 000003DB 6A 0A                           	PUSH	10
   407 000003DD 6A 15                           	PUSH	21
   408 000003DF E8 000003AC                     	CALL	_putstr
   409 000003E4 6A 00                           	PUSH	0
   410 000003E6 6A 01                           	PUSH	1
   411 000003E8 6A 00                           	PUSH	0
   412 000003EA E8 00000464                     	CALL	_mytimer
   413 000003EF 83 C4 24                        	ADD	ESP,36
   414 000003F2 E9 FFFFFF1B                     	JMP	L19
   415 000003F7                                 L71:
   416 000003F7 8A 45 E0                        	MOV	AL,BYTE [-32+EBP]
   417 000003FA 83 C0 30                        	ADD	EAX,48
   418 000003FD 88 45 A8                        	MOV	BYTE [-88+EBP],AL
   419 00000400 8D 45 A8                        	LEA	EAX,DWORD [-88+EBP]
   420 00000403 50                              	PUSH	EAX
   421 00000404 A1 [0000001C]                   	MOV	EAX,DWORD [_py+8]
   422 00000409 6A 02                           	PUSH	2
   423 0000040B 40                              	INC	EAX
   424 0000040C 6A 00                           	PUSH	0
   425 0000040E 6A 01                           	PUSH	1
   426 00000410 50                              	PUSH	EAX
   427 00000411 FF 35 [00000008]                	PUSH	DWORD [_px+8]
   428 00000417 C6 45 A9 00                     	MOV	BYTE [-87+EBP],0
   429 0000041B E8 00000370                     	CALL	_putstr
   430 00000420 83 C4 18                        	ADD	ESP,24
   431 00000423 E9 FFFFFEC1                     	JMP	L36
   432 00000428                                 L70:
   433 00000428 8B 45 BC                        	MOV	EAX,DWORD [-68+EBP]
   434 0000042B 39 45 DC                        	CMP	DWORD [-36+EBP],EAX
   435 0000042E 0F 85 FFFFFE75                  	JNE	L32
   436 00000434 8B 45 C0                        	MOV	EAX,DWORD [-64+EBP]
   437 00000437 39 45 E0                        	CMP	DWORD [-32+EBP],EAX
   438 0000043A 0F 85 FFFFFE69                  	JNE	L32
   439 00000440 8B 45 C4                        	MOV	EAX,DWORD [-60+EBP]
   440 00000443 39 45 E4                        	CMP	DWORD [-28+EBP],EAX
   441 00000446 0F 85 FFFFFE5D                  	JNE	L32
   442 0000044C 8B 45 C8                        	MOV	EAX,DWORD [-56+EBP]
   443 0000044F 39 45 E8                        	CMP	DWORD [-24+EBP],EAX
   444 00000452 0F 85 FFFFFE51                  	JNE	L32
   445 00000458 68 [000000D6]                   	PUSH	LC10
   446 0000045D 6A 04                           	PUSH	4
   447 0000045F 6A 06                           	PUSH	6
   448 00000461 6A 01                           	PUSH	1
   449 00000463 6A 0A                           	PUSH	10
   450 00000465 6A 18                           	PUSH	24
   451 00000467 E8 00000324                     	CALL	_putstr
   452 0000046C 83 C4 18                        	ADD	ESP,24
   453 0000046F 6B 05 [00000148] 03             	IMUL	EAX,DWORD [_speed],3
   454 00000476 BA 00000004                     	MOV	EDX,4
   455 0000047B 89 D1                           	MOV	ECX,EDX
   456 0000047D 99                              	CDQ
   457 0000047E F7 F9                           	IDIV	ECX
   458 00000480 A3 [00000148]                   	MOV	DWORD [_speed],EAX
   459 00000485 E9 FFFFFE88                     	JMP	L19
   460 0000048A                                 L69:
   461 0000048A 6A 01                           	PUSH	1
   462 0000048C 8B 04 B5 [00000000]             	MOV	EAX,DWORD [_px+ESI*4]
   463 00000493 FF 34 B5 [00000014]             	PUSH	DWORD [_py+ESI*4]
   464 0000049A 48                              	DEC	EAX
   465 0000049B 46                              	INC	ESI
   466 0000049C 50                              	PUSH	EAX
   467 0000049D E8 0000037E                     	CALL	_clearstr
   468 000004A2 83 C4 0C                        	ADD	ESP,12
   469 000004A5 83 FE 05                        	CMP	ESI,5
   470 000004A8 0F 84 00000083                  	JE	L73
   471 000004AE                                 L27:
   472 000004AE 68 [0000006E]                   	PUSH	LC6
   473 000004B3 8B 04 B5 [00000000]             	MOV	EAX,DWORD [_px+ESI*4]
   474 000004BA 6A 01                           	PUSH	1
   475 000004BC 48                              	DEC	EAX
   476 000004BD 6A 00                           	PUSH	0
   477 000004BF 6A 03                           	PUSH	3
   478 000004C1 FF 34 B5 [00000014]             	PUSH	DWORD [_py+ESI*4]
   479 000004C8 50                              	PUSH	EAX
   480 000004C9 E8 000002C2                     	CALL	_putstr
   481 000004CE 83 C4 18                        	ADD	ESP,24
   482 000004D1 83 FE 02                        	CMP	ESI,2
   483 000004D4 74 3F                           	JE	L74
   484 000004D6 83 FE 03                        	CMP	ESI,3
   485 000004D9 0F 85 FFFFFD4D                  	JNE	L18
   486 000004DF 68 [000000DB]                   	PUSH	LC9
   487 000004E4 6A 07                           	PUSH	7
   488 000004E6 6A 00                           	PUSH	0
   489 000004E8 6A 06                           	PUSH	6
   490 000004EA 6A 0F                           	PUSH	15
   491 000004EC 6A 06                           	PUSH	6
   492 000004EE E8 0000029D                     	CALL	_putstr
   493 000004F3 6A 06                           	PUSH	6
   494 000004F5 6A 0F                           	PUSH	15
   495 000004F7 6A 08                           	PUSH	8
   496 000004F9 6A 00                           	PUSH	0
   497 000004FB E8 00000111                     	CALL	_putform1
   498 00000500 83 C4 28                        	ADD	ESP,40
   499 00000503 6A 06                           	PUSH	6
   500 00000505 6A 0F                           	PUSH	15
   501 00000507 6A 0D                           	PUSH	13
   502 00000509 6A 01                           	PUSH	1
   503 0000050B E8 00000101                     	CALL	_putform1
   504 00000510 E9 FFFFFD14                     	JMP	L63
   505 00000515                                 L74:
   506 00000515 68 [000000E3]                   	PUSH	LC8
   507 0000051A 6A 09                           	PUSH	9
   508 0000051C 6A 00                           	PUSH	0
   509 0000051E 6A 06                           	PUSH	6
   510 00000520 6A 0F                           	PUSH	15
   511 00000522 6A 06                           	PUSH	6
   512 00000524                                 L64:
   513 00000524 E8 00000267                     	CALL	_putstr
   514 00000529 83 C4 18                        	ADD	ESP,24
   515 0000052C E9 FFFFFCFB                     	JMP	L18
   516 00000531                                 L73:
   517 00000531 31 F6                           	XOR	ESI,ESI
   518 00000533 E9 FFFFFF76                     	JMP	L27
   519 00000538                                 L68:
   520 00000538 68 [0000006B]                   	PUSH	LC5
   521 0000053D 6A 02                           	PUSH	2
   522 0000053F 6A 00                           	PUSH	0
   523 00000541 6A 02                           	PUSH	2
   524 00000543 FF 34 B5 [00000014]             	PUSH	DWORD [_py+ESI*4]
   525 0000054A FF 34 B5 [00000000]             	PUSH	DWORD [_px+ESI*4]
   526 00000551 C7 44 B5 B8 FFFFFFFF            	MOV	DWORD [-72+EBP+ESI*4],-1
   527 00000559 EB C9                           	JMP	L64
   528 0000055B                                 L67:
   529 0000055B 89 55 C0                        	MOV	DWORD [-64+EBP],EDX
   530 0000055E 8A 45 C0                        	MOV	AL,BYTE [-64+EBP]
   531 00000561 83 C0 30                        	ADD	EAX,48
   532 00000564 88 45 A8                        	MOV	BYTE [-88+EBP],AL
   533 00000567 8D 45 A8                        	LEA	EAX,DWORD [-88+EBP]
   534 0000056A 50                              	PUSH	EAX
   535 0000056B 6A 02                           	PUSH	2
   536 0000056D 6A 00                           	PUSH	0
   537 0000056F 6A 02                           	PUSH	2
   538 00000571 FF 35 [0000001C]                	PUSH	DWORD [_py+8]
   539 00000577 FF 35 [00000008]                	PUSH	DWORD [_px+8]
   540 0000057D C6 45 A9 20                     	MOV	BYTE [-87+EBP],32
   541 00000581 C6 45 AA 00                     	MOV	BYTE [-86+EBP],0
   542 00000585 E8 00000206                     	CALL	_putstr
   543 0000058A 83 C4 18                        	ADD	ESP,24
   544 0000058D E9 FFFFFCD5                     	JMP	L23
   545 00000592                                 L66:
   546 00000592 E8 [00000000]                   	CALL	_rand
   547 00000597 BA 0000000A                     	MOV	EDX,10
   548 0000059C 89 D1                           	MOV	ECX,EDX
   549 0000059E 99                              	CDQ
   550 0000059F F7 F9                           	IDIV	ECX
   551 000005A1 89 55 E0                        	MOV	DWORD [-32+EBP],EDX
   552 000005A4 8A 45 E0                        	MOV	AL,BYTE [-32+EBP]
   553 000005A7 83 C0 30                        	ADD	EAX,48
   554 000005AA 88 45 A8                        	MOV	BYTE [-88+EBP],AL
   555 000005AD 8D 45 A8                        	LEA	EAX,DWORD [-88+EBP]
   556 000005B0 50                              	PUSH	EAX
   557 000005B1 6A 02                           	PUSH	2
   558 000005B3 6A 00                           	PUSH	0
   559 000005B5 6A 02                           	PUSH	2
   560 000005B7 FF 35 [0000001C]                	PUSH	DWORD [_py+8]
   561 000005BD FF 35 [00000008]                	PUSH	DWORD [_px+8]
   562 000005C3 C6 45 A9 00                     	MOV	BYTE [-87+EBP],0
   563 000005C7 E8 000001C4                     	CALL	_putstr
   564 000005CC 83 C4 18                        	ADD	ESP,24
   565 000005CF E9 FFFFFBBC                     	JMP	L14
   566 000005D4                                 	GLOBAL	_putform
   567 000005D4                                 _putform:
   568 000005D4 55                              	PUSH	EBP
   569 000005D5 89 E5                           	MOV	EBP,ESP
   570 000005D7 57                              	PUSH	EDI
   571 000005D8 56                              	PUSH	ESI
   572 000005D9 53                              	PUSH	EBX
   573 000005DA 8B 7D 0C                        	MOV	EDI,DWORD [12+EBP]
   574 000005DD 8B 75 10                        	MOV	ESI,DWORD [16+EBP]
   575 000005E0 31 DB                           	XOR	EBX,EBX
   576 000005E2                                 L80:
   577 000005E2 FF 75 08                        	PUSH	DWORD [8+EBP]
   578 000005E5 56                              	PUSH	ESI
   579 000005E6 8B 04 9D [00000014]             	MOV	EAX,DWORD [_py+EBX*4]
   580 000005ED 6A 00                           	PUSH	0
   581 000005EF 01 F8                           	ADD	EAX,EDI
   582 000005F1 6A 02                           	PUSH	2
   583 000005F3 50                              	PUSH	EAX
   584 000005F4 FF 34 9D [00000000]             	PUSH	DWORD [_px+EBX*4]
   585 000005FB 43                              	INC	EBX
   586 000005FC E8 0000018F                     	CALL	_putstr
   587 00000601 83 C4 18                        	ADD	ESP,24
   588 00000604 83 FB 04                        	CMP	EBX,4
   589 00000607 7E D9                           	JLE	L80
   590 00000609 8D 65 F4                        	LEA	ESP,DWORD [-12+EBP]
   591 0000060C 5B                              	POP	EBX
   592 0000060D 5E                              	POP	ESI
   593 0000060E 5F                              	POP	EDI
   594 0000060F 5D                              	POP	EBP
   595 00000610 C3                              	RET
   596                                          [SECTION .data]
   597 000000ED                                 _maru.0:
   598 000000ED 000007E0                        	DD	2016
   599 000000F1 00001FF8                        	DD	8184
   600 000000F5 00003FFC                        	DD	16380
   601 000000F9 00007FFE                        	DD	32766
   602 000000FD 00007FFE                        	DD	32766
   603 00000101 0000FFFF                        	DD	65535
   604 00000105 0000FFFF                        	DD	65535
   605 00000109 0000FFFF                        	DD	65535
   606 0000010D 0000FFFF                        	DD	65535
   607 00000111 0000FFFF                        	DD	65535
   608 00000115 0000FFFF                        	DD	65535
   609 00000119 00007FFE                        	DD	32766
   610 0000011D 00007FFE                        	DD	32766
   611 00000121 00003FFC                        	DD	16380
   612 00000125 00001FF8                        	DD	8184
   613 00000129 000007E0                        	DD	2016
   614                                          [SECTION .text]
   615 00000611                                 	GLOBAL	_putform1
   616 00000611                                 _putform1:
   617 00000611 55                              	PUSH	EBP
   618 00000612 89 E5                           	MOV	EBP,ESP
   619 00000614 57                              	PUSH	EDI
   620 00000615 56                              	PUSH	ESI
   621 00000616 8B 45 08                        	MOV	EAX,DWORD [8+EBP]
   622 00000619 53                              	PUSH	EBX
   623 0000061A 8B 7D 10                        	MOV	EDI,DWORD [16+EBP]
   624 0000061D 85 C0                           	TEST	EAX,EAX
   625 0000061F 0F 84 0000008F                  	JE	L102
   626 00000625 48                              	DEC	EAX
   627 00000626 74 08                           	JE	L103
   628 00000628                                 L83:
   629 00000628 8D 65 F4                        	LEA	ESP,DWORD [-12+EBP]
   630 0000062B 5B                              	POP	EBX
   631 0000062C 5E                              	POP	ESI
   632 0000062D 5F                              	POP	EDI
   633 0000062E 5D                              	POP	EBP
   634 0000062F C3                              	RET
   635 00000630                                 L103:
   636 00000630 6A 02                           	PUSH	2
   637 00000632 31 F6                           	XOR	ESI,ESI
   638 00000634 57                              	PUSH	EDI
   639 00000635 FF 75 0C                        	PUSH	DWORD [12+EBP]
   640 00000638 E8 000001E3                     	CALL	_clearstr
   641 0000063D 83 C4 0C                        	ADD	ESP,12
   642 00000640                                 L97:
   643 00000640 31 DB                           	XOR	EBX,EBX
   644 00000642                                 L96:
   645 00000642 B9 0000000F                     	MOV	ECX,15
   646 00000647 8B 04 B5 [000000ED]             	MOV	EAX,DWORD [_maru.0+ESI*4]
   647 0000064E 29 D9                           	SUB	ECX,EBX
   648 00000650 D3 E8                           	SHR	EAX,CL
   649 00000652 83 E0 01                        	AND	EAX,1
   650 00000655 75 37                           	JNE	L104
   651 00000657                                 L93:
   652 00000657 43                              	INC	EBX
   653 00000658 83 FB 0F                        	CMP	EBX,15
   654 0000065B 7E E5                           	JLE	L96
   655 0000065D 46                              	INC	ESI
   656 0000065E 83 FE 0F                        	CMP	ESI,15
   657 00000661 7E DD                           	JLE	L97
   658 00000663 89 F9                           	MOV	ECX,EDI
   659 00000665 8B 55 0C                        	MOV	EDX,DWORD [12+EBP]
   660 00000668 C1 E1 04                        	SAL	ECX,4
   661 0000066B C1 E2 03                        	SAL	EDX,3
   662 0000066E 8D 41 2A                        	LEA	EAX,DWORD [42+ECX]
   663 00000671 83 C1 1A                        	ADD	ECX,26
   664 00000674 50                              	PUSH	EAX
   665 00000675 8D 42 16                        	LEA	EAX,DWORD [22+EDX]
   666 00000678 50                              	PUSH	EAX
   667 00000679 83 C2 06                        	ADD	EDX,6
   668 0000067C 51                              	PUSH	ECX
   669 0000067D 52                              	PUSH	EDX
   670 0000067E FF 35 [00000140]                	PUSH	DWORD [_win]
   671 00000684 E8 [00000000]                   	CALL	_api_refreshwin
   672 00000689 83 C4 14                        	ADD	ESP,20
   673 0000068C EB 9A                           	JMP	L83
   674 0000068E                                 L104:
   675 0000068E 89 F8                           	MOV	EAX,EDI
   676 00000690 8B 55 0C                        	MOV	EDX,DWORD [12+EBP]
   677 00000693 C1 E0 04                        	SAL	EAX,4
   678 00000696 FF 75 14                        	PUSH	DWORD [20+EBP]
   679 00000699 8D 44 06 1A                     	LEA	EAX,DWORD [26+ESI+EAX*1]
   680 0000069D 50                              	PUSH	EAX
   681 0000069E 8D 44 D3 06                     	LEA	EAX,DWORD [6+EBX+EDX*8]
   682 000006A2 50                              	PUSH	EAX
   683 000006A3 A1 [00000140]                   	MOV	EAX,DWORD [_win]
   684 000006A8 40                              	INC	EAX
   685 000006A9 50                              	PUSH	EAX
   686 000006AA E8 [00000000]                   	CALL	_api_point
   687 000006AF 83 C4 10                        	ADD	ESP,16
   688 000006B2 EB A3                           	JMP	L93
   689 000006B4                                 L102:
   690 000006B4 89 F9                           	MOV	ECX,EDI
   691 000006B6 8B 55 0C                        	MOV	EDX,DWORD [12+EBP]
   692 000006B9 C1 E1 04                        	SAL	ECX,4
   693 000006BC C1 E2 03                        	SAL	EDX,3
   694 000006BF FF 75 14                        	PUSH	DWORD [20+EBP]
   695 000006C2 8D 41 29                        	LEA	EAX,DWORD [41+ECX]
   696 000006C5 83 C1 1A                        	ADD	ECX,26
   697 000006C8 50                              	PUSH	EAX
   698 000006C9 8D 42 15                        	LEA	EAX,DWORD [21+EDX]
   699 000006CC 50                              	PUSH	EAX
   700 000006CD 83 C2 06                        	ADD	EDX,6
   701 000006D0 51                              	PUSH	ECX
   702 000006D1 52                              	PUSH	EDX
   703 000006D2 FF 35 [00000140]                	PUSH	DWORD [_win]
   704 000006D8 E8 [00000000]                   	CALL	_api_boxfilwin
   705 000006DD 83 C4 18                        	ADD	ESP,24
   706 000006E0 E9 FFFFFF43                     	JMP	L83
   707                                          [SECTION .data]
   708 0000012D                                 LC16:
   709 0000012D 53 50 45 45 44 3A 00            	DB	"SPEED:",0x00
   710 00000134                                 LC17:
   711 00000134 48 49 47 48 2D 53 50 45 45 44   	DB	"HIGH-SPEED:",0x00
       0000013E 3A 00 
   712                                          [SECTION .text]
   713 000006E5                                 	GLOBAL	_putspeed
   714 000006E5                                 _putspeed:
   715 000006E5 55                              	PUSH	EBP
   716 000006E6 89 E5                           	MOV	EBP,ESP
   717 000006E8 53                              	PUSH	EBX
   718 000006E9 83 EC 10                        	SUB	ESP,16
   719 000006EC 83 7D 08 00                     	CMP	DWORD [8+EBP],0
   720 000006F0 74 13                           	JE	L106
   721 000006F2 6A 1D                           	PUSH	29
   722 000006F4 6A 00                           	PUSH	0
   723 000006F6 6A 00                           	PUSH	0
   724 000006F8 E8 00000123                     	CALL	_clearstr
   725 000006FD 83 C4 0C                        	ADD	ESP,12
   726 00000700                                 L105:
   727 00000700 8B 5D FC                        	MOV	EBX,DWORD [-4+EBP]
   728 00000703 C9                              	LEAVE
   729 00000704 C3                              	RET
   730 00000705                                 L106:
   731 00000705 68 [0000012D]                   	PUSH	LC16
   732 0000070A 8D 5D EC                        	LEA	EBX,DWORD [-20+EBP]
   733 0000070D 6A 06                           	PUSH	6
   734 0000070F 6A 00                           	PUSH	0
   735 00000711 6A 07                           	PUSH	7
   736 00000713 6A 00                           	PUSH	0
   737 00000715 6A 00                           	PUSH	0
   738 00000717 E8 00000074                     	CALL	_putstr
   739 0000071C 68 [00000134]                   	PUSH	LC17
   740 00000721 6A 0B                           	PUSH	11
   741 00000723 6A 00                           	PUSH	0
   742 00000725 6A 07                           	PUSH	7
   743 00000727 6A 00                           	PUSH	0
   744 00000729 6A 0D                           	PUSH	13
   745 0000072B E8 00000060                     	CALL	_putstr
   746 00000730 83 C4 30                        	ADD	ESP,48
   747 00000733 C6 45 F0 00                     	MOV	BYTE [-16+EBP],0
   748 00000737 6A 04                           	PUSH	4
   749 00000739 53                              	PUSH	EBX
   750 0000073A FF 35 [00000148]                	PUSH	DWORD [_speed]
   751 00000740 E8 00000175                     	CALL	_setdec3a
   752 00000745 53                              	PUSH	EBX
   753 00000746 6A 04                           	PUSH	4
   754 00000748 6A 00                           	PUSH	0
   755 0000074A 6A 07                           	PUSH	7
   756 0000074C 6A 00                           	PUSH	0
   757 0000074E 6A 07                           	PUSH	7
   758 00000750 E8 0000003B                     	CALL	_putstr
   759 00000755 83 C4 24                        	ADD	ESP,36
   760 00000758 A1 [00000148]                   	MOV	EAX,DWORD [_speed]
   761 0000075D 3B 05 [0000014C]                	CMP	EAX,DWORD [_hispeed]
   762 00000763 7D 05                           	JGE	L108
   763 00000765 A3 [0000014C]                   	MOV	DWORD [_hispeed],EAX
   764 0000076A                                 L108:
   765 0000076A 6A 04                           	PUSH	4
   766 0000076C 53                              	PUSH	EBX
   767 0000076D FF 35 [0000014C]                	PUSH	DWORD [_hispeed]
   768 00000773 E8 00000142                     	CALL	_setdec3a
   769 00000778 53                              	PUSH	EBX
   770 00000779 6A 04                           	PUSH	4
   771 0000077B 6A 00                           	PUSH	0
   772 0000077D 6A 07                           	PUSH	7
   773 0000077F 6A 00                           	PUSH	0
   774 00000781 6A 19                           	PUSH	25
   775 00000783 E8 00000008                     	CALL	_putstr
   776 00000788 83 C4 24                        	ADD	ESP,36
   777 0000078B E9 FFFFFF70                     	JMP	L105
   778 00000790                                 	GLOBAL	_putstr
   779 00000790                                 _putstr:
   780 00000790 55                              	PUSH	EBP
   781 00000791 89 E5                           	MOV	EBP,ESP
   782 00000793 57                              	PUSH	EDI
   783 00000794 56                              	PUSH	ESI
   784 00000795 53                              	PUSH	EBX
   785 00000796 83 EC 10                        	SUB	ESP,16
   786 00000799 8B 5D 0C                        	MOV	EBX,DWORD [12+EBP]
   787 0000079C 8B 45 10                        	MOV	EAX,DWORD [16+EBP]
   788 0000079F C1 E3 04                        	SAL	EBX,4
   789 000007A2 8B 75 08                        	MOV	ESI,DWORD [8+EBP]
   790 000007A5 89 45 F0                        	MOV	DWORD [-16+EBP],EAX
   791 000007A8 8B 7D 18                        	MOV	EDI,DWORD [24+EBP]
   792 000007AB 8B 45 1C                        	MOV	EAX,DWORD [28+EBP]
   793 000007AE 8D 34 F5 00000006               	LEA	ESI,DWORD [6+ESI*8]
   794 000007B5 89 45 EC                        	MOV	DWORD [-20+EBP],EAX
   795 000007B8 8D 43 1A                        	LEA	EAX,DWORD [26+EBX]
   796 000007BB 89 45 E8                        	MOV	DWORD [-24+EBP],EAX
   797 000007BE 8D 43 29                        	LEA	EAX,DWORD [41+EBX]
   798 000007C1 FF 75 14                        	PUSH	DWORD [20+EBP]
   799 000007C4 50                              	PUSH	EAX
   800 000007C5 83 C3 2A                        	ADD	EBX,42
   801 000007C8 8D 04 FE                        	LEA	EAX,DWORD [ESI+EDI*8]
   802 000007CB 89 45 E4                        	MOV	DWORD [-28+EBP],EAX
   803 000007CE 48                              	DEC	EAX
   804 000007CF 50                              	PUSH	EAX
   805 000007D0 FF 75 E8                        	PUSH	DWORD [-24+EBP]
   806 000007D3 56                              	PUSH	ESI
   807 000007D4 A1 [00000140]                   	MOV	EAX,DWORD [_win]
   808 000007D9 40                              	INC	EAX
   809 000007DA 50                              	PUSH	EAX
   810 000007DB E8 [00000000]                   	CALL	_api_boxfilwin
   811 000007E0 FF 75 EC                        	PUSH	DWORD [-20+EBP]
   812 000007E3 57                              	PUSH	EDI
   813 000007E4 FF 75 F0                        	PUSH	DWORD [-16+EBP]
   814 000007E7 FF 75 E8                        	PUSH	DWORD [-24+EBP]
   815 000007EA 56                              	PUSH	ESI
   816 000007EB A1 [00000140]                   	MOV	EAX,DWORD [_win]
   817 000007F0 40                              	INC	EAX
   818 000007F1 50                              	PUSH	EAX
   819 000007F2 E8 [00000000]                   	CALL	_api_putstrwin
   820 000007F7 89 75 0C                        	MOV	DWORD [12+EBP],ESI
   821 000007FA 8B 45 E4                        	MOV	EAX,DWORD [-28+EBP]
   822 000007FD 89 5D 18                        	MOV	DWORD [24+EBP],EBX
   823 00000800 89 45 14                        	MOV	DWORD [20+EBP],EAX
   824 00000803 83 C4 30                        	ADD	ESP,48
   825 00000806 8B 45 E8                        	MOV	EAX,DWORD [-24+EBP]
   826 00000809 89 45 10                        	MOV	DWORD [16+EBP],EAX
   827 0000080C A1 [00000140]                   	MOV	EAX,DWORD [_win]
   828 00000811 89 45 08                        	MOV	DWORD [8+EBP],EAX
   829 00000814 8D 65 F4                        	LEA	ESP,DWORD [-12+EBP]
   830 00000817 5B                              	POP	EBX
   831 00000818 5E                              	POP	ESI
   832 00000819 5F                              	POP	EDI
   833 0000081A 5D                              	POP	EBP
   834 0000081B E9 [00000000]                   	JMP	_api_refreshwin
   835 00000820                                 	GLOBAL	_clearstr
   836 00000820                                 _clearstr:
   837 00000820 55                              	PUSH	EBP
   838 00000821 89 E5                           	MOV	EBP,ESP
   839 00000823 6A 00                           	PUSH	0
   840 00000825 8B 45 0C                        	MOV	EAX,DWORD [12+EBP]
   841 00000828 8B 55 08                        	MOV	EDX,DWORD [8+EBP]
   842 0000082B C1 E0 04                        	SAL	EAX,4
   843 0000082E 8D 14 D5 00000006               	LEA	EDX,DWORD [6+EDX*8]
   844 00000835 8D 48 1A                        	LEA	ECX,DWORD [26+EAX]
   845 00000838 83 C0 29                        	ADD	EAX,41
   846 0000083B 50                              	PUSH	EAX
   847 0000083C 8B 45 10                        	MOV	EAX,DWORD [16+EBP]
   848 0000083F 8D 44 C2 FF                     	LEA	EAX,DWORD [-1+EDX+EAX*8]
   849 00000843 50                              	PUSH	EAX
   850 00000844 51                              	PUSH	ECX
   851 00000845 52                              	PUSH	EDX
   852 00000846 FF 35 [00000140]                	PUSH	DWORD [_win]
   853 0000084C E8 [00000000]                   	CALL	_api_boxfilwin
   854 00000851 C9                              	LEAVE
   855 00000852 C3                              	RET
   856 00000853                                 	GLOBAL	_mytimer
   857 00000853                                 _mytimer:
   858 00000853 55                              	PUSH	EBP
   859 00000854 89 E5                           	MOV	EBP,ESP
   860 00000856 56                              	PUSH	ESI
   861 00000857 53                              	PUSH	EBX
   862 00000858 56                              	PUSH	ESI
   863 00000859 8B 4D 0C                        	MOV	ECX,DWORD [12+EBP]
   864 0000085C 81 7D 08 000003E7               	CMP	DWORD [8+EBP],999
   865 00000863 7E 20                           	JLE	L112
   866 00000865 8B 45 08                        	MOV	EAX,DWORD [8+EBP]
   867 00000868 BA 000003E8                     	MOV	EDX,1000
   868 0000086D 89 D6                           	MOV	ESI,EDX
   869 0000086F 99                              	CDQ
   870 00000870 F7 FE                           	IDIV	ESI
   871 00000872 01 C1                           	ADD	ECX,EAX
   872 00000874 8B 45 08                        	MOV	EAX,DWORD [8+EBP]
   873 00000877 89 CB                           	MOV	EBX,ECX
   874 00000879 69 DB 000003E8                  	IMUL	EBX,EBX,1000
   875 0000087F 99                              	CDQ
   876 00000880 F7 FB                           	IDIV	EBX
   877 00000882 89 55 08                        	MOV	DWORD [8+EBP],EDX
   878 00000885                                 L112:
   879 00000885 8B 45 08                        	MOV	EAX,DWORD [8+EBP]
   880 00000888 BA 0000000A                     	MOV	EDX,10
   881 0000088D 89 D3                           	MOV	EBX,EDX
   882 0000088F 99                              	CDQ
   883 00000890 F7 FB                           	IDIV	EBX
   884 00000892 6B F1 64                        	IMUL	ESI,ECX,100
   885 00000895 8D 04 30                        	LEA	EAX,DWORD [EAX+ESI*1]
   886 00000898 50                              	PUSH	EAX
   887 00000899 FF 35 [00000144]                	PUSH	DWORD [_timer]
   888 0000089F E8 [00000000]                   	CALL	_api_settimer
   889 000008A4 59                              	POP	ECX
   890 000008A5 5B                              	POP	EBX
   891 000008A6                                 L113:
   892 000008A6 6A 01                           	PUSH	1
   893 000008A8 E8 [00000000]                   	CALL	_api_getkey
   894 000008AD 5A                              	POP	EDX
   895 000008AE 83 C0 80                        	ADD	EAX,-128
   896 000008B1 75 F3                           	JNE	L113
   897 000008B3 8D 65 F8                        	LEA	ESP,DWORD [-8+EBP]
   898 000008B6 5B                              	POP	EBX
   899 000008B7 5E                              	POP	ESI
   900 000008B8 5D                              	POP	EBP
   901 000008B9 C3                              	RET
   902 000008BA                                 	GLOBAL	_setdec3a
   903 000008BA                                 _setdec3a:
   904 000008BA 55                              	PUSH	EBP
   905 000008BB 89 E5                           	MOV	EBP,ESP
   906 000008BD 56                              	PUSH	ESI
   907 000008BE 53                              	PUSH	EBX
   908 000008BF 8B 5D 10                        	MOV	EBX,DWORD [16+EBP]
   909 000008C2 8B 55 08                        	MOV	EDX,DWORD [8+EBP]
   910 000008C5 8B 75 0C                        	MOV	ESI,DWORD [12+EBP]
   911 000008C8 4B                              	DEC	EBX
   912 000008C9                                 L118:
   913 000008C9 B9 0000000A                     	MOV	ECX,10
   914 000008CE 89 D0                           	MOV	EAX,EDX
   915 000008D0 31 D2                           	XOR	EDX,EDX
   916 000008D2 F7 F1                           	DIV	ECX
   917 000008D4 89 C1                           	MOV	ECX,EAX
   918 000008D6 8D 42 30                        	LEA	EAX,DWORD [48+EDX]
   919 000008D9 89 CA                           	MOV	EDX,ECX
   920 000008DB 88 04 33                        	MOV	BYTE [EBX+ESI*1],AL
   921 000008DE 4B                              	DEC	EBX
   922 000008DF 85 C9                           	TEST	ECX,ECX
   923 000008E1 74 08                           	JE	L119
   924 000008E3 85 DB                           	TEST	EBX,EBX
   925 000008E5 79 E2                           	JNS	L118
   926 000008E7                                 L128:
   927 000008E7 5B                              	POP	EBX
   928 000008E8 5E                              	POP	ESI
   929 000008E9 5D                              	POP	EBP
   930 000008EA C3                              	RET
   931 000008EB                                 L119:
   932 000008EB 85 DB                           	TEST	EBX,EBX
   933 000008ED 78 F8                           	JS	L128
   934 000008EF                                 L126:
   935 000008EF C6 04 33 20                     	MOV	BYTE [EBX+ESI*1],32
   936 000008F3 4B                              	DEC	EBX
   937 000008F4 79 F9                           	JNS	L126
   938 000008F6 EB EF                           	JMP	L128
   939                                          [SECTION .data]
   940 00000140                                 	ALIGNB	4
   941 00000140                                 _win:
   942 00000140 00 00 00 00                     	RESB	4
   943                                          [SECTION .data]
   944 00000144                                 	ALIGNB	4
   945 00000144                                 _timer:
   946 00000144 00 00 00 00                     	RESB	4
   947                                          [SECTION .data]
   948 00000148                                 	ALIGNB	4
   949 00000148                                 _speed:
   950 00000148 00 00 00 00                     	RESB	4
   951                                          [SECTION .data]
   952 0000014C                                 	ALIGNB	4
   953 0000014C                                 _hispeed:
   954 0000014C 00 00 00 00                     	RESB	4
