     1 00000000                                 [FORMAT "WCOFF"]
     2 00000000                                 [INSTRSET "i486p"]
     3 00000000                                 [OPTIMIZE 1]
     4 00000000                                 [OPTION 1]
     5 00000000                                 [BITS 32]
     6 00000000                                 	EXTERN	__alloca
     7 00000000                                 	EXTERN	_api_cmdline
     8 00000000                                 	EXTERN	_api_fopen
     9 00000000                                 	EXTERN	_api_fsize
    10 00000000                                 	EXTERN	_api_fread
    11 00000000                                 	EXTERN	_api_fclose
    12 00000000                                 	EXTERN	_info_BMP
    13 00000000                                 	EXTERN	_info_JPEG
    14 00000000                                 	EXTERN	_api_putstr0
    15 00000000                                 	EXTERN	_api_end
    16 00000000                                 	EXTERN	_api_openwin
    17 00000000                                 	EXTERN	_decode0_JPEG
    18 00000000                                 	EXTERN	_api_refreshwin
    19 00000000                                 	EXTERN	_api_getkey
    20 00000000                                 	EXTERN	_decode0_BMP
    21 00000000                                 	EXTERN	_api_putstrwin
    22 00000000                                 [FILE "gview.c"]
    23                                          [SECTION .data]
    24 00000000                                 LC0:
    25 00000000 B4 ED CE F3 A3 A1 CF B5 CD B3   	DB	0xB4,0xED,0xCE,0xF3,0xA3,0xA1,0xCF,0xB5,0xCD,0xB3,0xD5,0xD2,0xB2,0xBB,0xB5,0xBD,0xD6,0xB8,0xB6,0xA8,0xB5,0xC4,0xCE,0xC4,0xBC,0xFE,".",0x0A,0x00
       0000000A D5 D2 B2 BB B5 BD D6 B8 B6 A8 
       00000014 B5 C4 CE C4 BC FE 2E 0A 00 
    26 0000001D                                 LC1:
    27 0000001D CE C4 BC FE CC AB B4 F3 A3 AC   	DB	0xCE,0xC4,0xBC,0xFE,0xCC,0xAB,0xB4,0xF3,0xA3,0xAC,0xCE,0xDE,0xB7,0xA8,0xB4,0xF2,0xBF,0xAA,".",0x0A,0x00
       00000027 CE DE B7 A8 B4 F2 BF AA 2E 0A 
       00000031 00 
    28 00000032                                 LC2:
    29 00000032 CD BC C6 AC B8 F1 CA BD CE B4   	DB	0xCD,0xBC,0xC6,0xAC,0xB8,0xF1,0xCA,0xBD,0xCE,0xB4,0xD6,0xAA,0xBB,0xF2,0xCD,0xBC,0xC6,0xAC,0xD2,0xD1,0xCB,0xF0,0xBB,0xB5,".",0x00
       0000003C D6 AA BB F2 CD BC C6 AC D2 D1 
       00000046 CB F0 BB B5 2E 00 
    30 0000004C                                 LC3:
    31 0000004C CD BC C6 AC CC AB B4 F3 A3 AC   	DB	0xCD,0xBC,0xC6,0xAC,0xCC,0xAB,0xB4,0xF3,0xA3,0xAC,0xCE,0xDE,0xB7,0xA8,0xB4,0xF2,0xBF,0xAA,0x0A,0x00
       00000056 CE DE B7 A8 B4 F2 BF AA 0A 00 
    32 00000060                                 LC4:
    33 00000060 CD BC C6 AC B2 E9 BF B4 C6 F7   	DB	0xCD,0xBC,0xC6,0xAC,0xB2,0xE9,0xBF,0xB4,0xC6,0xF7,0x00
       0000006A 00 
    34 0000006B                                 LC5:
    35 0000006B 64 65 63 6F 64 65 20 65 72 72   	DB	"decode error.",0x0A,0x00
       00000075 6F 72 2E 0A 00 
    36                                          [SECTION .text]
    37 00000000                                 	GLOBAL	__main
    38 00000000                                 __main:
    39 00000000 55                              	PUSH	EBP
    40 00000001 B8 0045C6A8                     	MOV	EAX,4572840
    41 00000006 89 E5                           	MOV	EBP,ESP
    42 00000008 57                              	PUSH	EDI
    43 00000009 56                              	PUSH	ESI
    44 0000000A 53                              	PUSH	EBX
    45 0000000B 8D 9D FFEA3984                  	LEA	EBX,DWORD [-1427068+EBP]
    46 00000011 89 DF                           	MOV	EDI,EBX
    47 00000013 E8 [00000000]                   	CALL	__alloca
    48 00000018 6A 1E                           	PUSH	30
    49 0000001A 53                              	PUSH	EBX
    50 0000001B E8 [00000000]                   	CALL	_api_cmdline
    51 00000020 5E                              	POP	ESI
    52 00000021 58                              	POP	EAX
    53 00000022 80 BD FFEA3984 20               	CMP	BYTE [-1427068+EBP],32
    54 00000029 7E 06                           	JLE	L38
    55 0000002B                                 L6:
    56 0000002B 47                              	INC	EDI
    57 0000002C 80 3F 20                        	CMP	BYTE [EDI],32
    58 0000002F 7F FA                           	JG	L6
    59 00000031                                 L38:
    60 00000031 80 3F 20                        	CMP	BYTE [EDI],32
    61 00000034 0F 84 00000259                  	JE	L11
    62 0000003A                                 L40:
    63 0000003A 57                              	PUSH	EDI
    64 0000003B E8 [00000000]                   	CALL	_api_fopen
    65 00000040 5B                              	POP	EBX
    66 00000041 89 C6                           	MOV	ESI,EAX
    67 00000043 85 C0                           	TEST	EAX,EAX
    68 00000045 75 0B                           	JNE	L12
    69 00000047 68 [00000000]                   	PUSH	LC0
    70 0000004C E8 000002D4                     	CALL	_error
    71 00000051 59                              	POP	ECX
    72 00000052                                 L12:
    73 00000052 6A 00                           	PUSH	0
    74 00000054 56                              	PUSH	ESI
    75 00000055 E8 [00000000]                   	CALL	_api_fsize
    76 0000005A 89 C7                           	MOV	EDI,EAX
    77 0000005C 58                              	POP	EAX
    78 0000005D 5A                              	POP	EDX
    79 0000005E 81 FF 00080000                  	CMP	EDI,524288
    80 00000064 7E 0B                           	JLE	L13
    81 00000066 68 [0000001D]                   	PUSH	LC1
    82 0000006B E8 000002B5                     	CALL	_error
    83 00000070 58                              	POP	EAX
    84 00000071                                 L13:
    85 00000071 56                              	PUSH	ESI
    86 00000072 8D 9D FFF6FFF4                  	LEA	EBX,DWORD [-589836+EBP]
    87 00000078 57                              	PUSH	EDI
    88 00000079 53                              	PUSH	EBX
    89 0000007A E8 [00000000]                   	CALL	_api_fread
    90 0000007F 56                              	PUSH	ESI
    91 00000080 8D B5 FFFEFFF4                  	LEA	ESI,DWORD [-65548+EBP]
    92 00000086 E8 [00000000]                   	CALL	_api_fclose
    93 0000008B 53                              	PUSH	EBX
    94 0000008C 8D 85 FFEA3964                  	LEA	EAX,DWORD [-1427100+EBP]
    95 00000092 57                              	PUSH	EDI
    96 00000093 50                              	PUSH	EAX
    97 00000094 56                              	PUSH	ESI
    98 00000095 E8 [00000000]                   	CALL	_info_BMP
    99 0000009A 83 C4 20                        	ADD	ESP,32
   100 0000009D 85 C0                           	TEST	EAX,EAX
   101 0000009F 75 26                           	JNE	L14
   102 000000A1 53                              	PUSH	EBX
   103 000000A2 8D 95 FFEA3964                  	LEA	EDX,DWORD [-1427100+EBP]
   104 000000A8 57                              	PUSH	EDI
   105 000000A9 52                              	PUSH	EDX
   106 000000AA 56                              	PUSH	ESI
   107 000000AB E8 [00000000]                   	CALL	_info_JPEG
   108 000000B0 83 C4 10                        	ADD	ESP,16
   109 000000B3 85 C0                           	TEST	EAX,EAX
   110 000000B5 75 10                           	JNE	L14
   111 000000B7 68 [00000032]                   	PUSH	LC2
   112 000000BC E8 [00000000]                   	CALL	_api_putstr0
   113 000000C1 E8 [00000000]                   	CALL	_api_end
   114 000000C6 5B                              	POP	EBX
   115 000000C7                                 L14:
   116 000000C7 81 BD FFEA396C 00000400         	CMP	DWORD [-1427092+EBP],1024
   117 000000D1 7F 0C                           	JG	L17
   118 000000D3 81 BD FFEA3970 00000300         	CMP	DWORD [-1427088+EBP],768
   119 000000DD 7E 0B                           	JLE	L16
   120 000000DF                                 L17:
   121 000000DF 68 [0000004C]                   	PUSH	LC3
   122 000000E4 E8 0000023C                     	CALL	_error
   123 000000E9 59                              	POP	ECX
   124 000000EA                                 L16:
   125 000000EA 8B 85 FFEA396C                  	MOV	EAX,DWORD [-1427092+EBP]
   126 000000F0 83 C0 10                        	ADD	EAX,16
   127 000000F3 89 85 FFBA395C                  	MOV	DWORD [-4572836+EBP],EAX
   128 000000F9 3D 00000087                     	CMP	EAX,135
   129 000000FE 7F 0A                           	JG	L18
   130 00000100 C7 85 FFBA395C 00000088         	MOV	DWORD [-4572836+EBP],136
   131 0000010A                                 L18:
   132 0000010A 68 [00000060]                   	PUSH	LC4
   133 0000010F 8B 85 FFEA3970                  	MOV	EAX,DWORD [-1427088+EBP]
   134 00000115 68 000000FF                     	PUSH	255
   135 0000011A 83 C0 35                        	ADD	EAX,53
   136 0000011D 50                              	PUSH	EAX
   137 0000011E 8D 85 FFEA39A4                  	LEA	EAX,DWORD [-1427036+EBP]
   138 00000124 FF B5 FFBA395C                  	PUSH	DWORD [-4572836+EBP]
   139 0000012A 50                              	PUSH	EAX
   140 0000012B E8 [00000000]                   	CALL	_api_openwin
   141 00000130 83 C4 14                        	ADD	ESP,20
   142 00000133 83 BD FFEA3964 01               	CMP	DWORD [-1427100+EBP],1
   143 0000013A 89 85 FFBA3960                  	MOV	DWORD [-4572832+EBP],EAX
   144 00000140 0F 84 00000129                  	JE	L46
   145 00000146 6A 00                           	PUSH	0
   146 00000148 8D 85 FFBA3964                  	LEA	EAX,DWORD [-4572828+EBP]
   147 0000014E 50                              	PUSH	EAX
   148 0000014F 8D 85 FFF6FFF4                  	LEA	EAX,DWORD [-589836+EBP]
   149 00000155 6A 04                           	PUSH	4
   150 00000157 50                              	PUSH	EAX
   151 00000158 8D 85 FFFEFFF4                  	LEA	EAX,DWORD [-65548+EBP]
   152 0000015E 57                              	PUSH	EDI
   153 0000015F 50                              	PUSH	EAX
   154 00000160 E8 [00000000]                   	CALL	_decode0_JPEG
   155 00000165                                 L45:
   156 00000165 83 C4 18                        	ADD	ESP,24
   157 00000168 85 C0                           	TEST	EAX,EAX
   158 0000016A 74 0B                           	JE	L21
   159 0000016C 68 [0000006B]                   	PUSH	LC5
   160 00000171 E8 000001AF                     	CALL	_error
   161 00000176 5A                              	POP	EDX
   162 00000177                                 L21:
   163 00000177 31 F6                           	XOR	ESI,ESI
   164 00000179 3B B5 FFEA3970                  	CMP	ESI,DWORD [-1427088+EBP]
   165 0000017F 0F 8D 00000091                  	JGE	L42
   166 00000185 6B 95 FFBA395C 1D               	IMUL	EDX,DWORD [-4572836+EBP],29
   167 0000018C 89 95 FFBA394C                  	MOV	DWORD [-4572852+EBP],EDX
   168 00000192                                 L31:
   169 00000192 8B 8D FFEA396C                  	MOV	ECX,DWORD [-1427092+EBP]
   170 00000198 8B BD FFBA394C                  	MOV	EDI,DWORD [-4572852+EBP]
   171 0000019E 8B 85 FFBA395C                  	MOV	EAX,DWORD [-4572836+EBP]
   172 000001A4 29 C8                           	SUB	EAX,ECX
   173 000001A6 8D 9C 2F FFEA39A4               	LEA	EBX,DWORD [-1427036+EDI+EBP*1]
   174 000001AD 99                              	CDQ
   175 000001AE BF 00000002                     	MOV	EDI,2
   176 000001B3 F7 FF                           	IDIV	EDI
   177 000001B5 8D 3C 18                        	LEA	EDI,DWORD [EAX+EBX*1]
   178 000001B8 31 DB                           	XOR	EBX,EBX
   179 000001BA 89 F0                           	MOV	EAX,ESI
   180 000001BC 0F AF C1                        	IMUL	EAX,ECX
   181 000001BF 39 CB                           	CMP	EBX,ECX
   182 000001C1 8D 84 85 FFBA3964               	LEA	EAX,DWORD [-4572828+EBP+EAX*4]
   183 000001C8 89 85 FFBA3958                  	MOV	DWORD [-4572840+EBP],EAX
   184 000001CE 7D 2D                           	JGE	L44
   185 000001D0                                 L30:
   186 000001D0 56                              	PUSH	ESI
   187 000001D1 8B 95 FFBA3958                  	MOV	EDX,DWORD [-4572840+EBP]
   188 000001D7 53                              	PUSH	EBX
   189 000001D8 0F B6 04 9A                     	MOVZX	EAX,BYTE [EDX+EBX*4]
   190 000001DC 50                              	PUSH	EAX
   191 000001DD 0F B6 44 9A 01                  	MOVZX	EAX,BYTE [1+EDX+EBX*4]
   192 000001E2 50                              	PUSH	EAX
   193 000001E3 0F B6 44 9A 02                  	MOVZX	EAX,BYTE [2+EDX+EBX*4]
   194 000001E8 50                              	PUSH	EAX
   195 000001E9 E8 000000B0                     	CALL	_rgb2pal
   196 000001EE 83 C4 14                        	ADD	ESP,20
   197 000001F1 88 04 3B                        	MOV	BYTE [EBX+EDI*1],AL
   198 000001F4 43                              	INC	EBX
   199 000001F5 3B 9D FFEA396C                  	CMP	EBX,DWORD [-1427092+EBP]
   200 000001FB 7C D3                           	JL	L30
   201 000001FD                                 L44:
   202 000001FD 8B BD FFBA395C                  	MOV	EDI,DWORD [-4572836+EBP]
   203 00000203 46                              	INC	ESI
   204 00000204 01 BD FFBA394C                  	ADD	DWORD [-4572852+EBP],EDI
   205 0000020A 3B B5 FFEA3970                  	CMP	ESI,DWORD [-1427088+EBP]
   206 00000210 0F 8C FFFFFF7C                  	JL	L31
   207 00000216                                 L42:
   208 00000216 8B 85 FFEA3970                  	MOV	EAX,DWORD [-1427088+EBP]
   209 0000021C B9 00000002                     	MOV	ECX,2
   210 00000221 83 C0 1D                        	ADD	EAX,29
   211 00000224 50                              	PUSH	EAX
   212 00000225 8B 85 FFEA396C                  	MOV	EAX,DWORD [-1427092+EBP]
   213 0000022B 29 85 FFBA395C                  	SUB	DWORD [-4572836+EBP],EAX
   214 00000231 8B 85 FFBA395C                  	MOV	EAX,DWORD [-4572836+EBP]
   215 00000237 99                              	CDQ
   216 00000238 F7 F9                           	IDIV	ECX
   217 0000023A 8B 95 FFEA396C                  	MOV	EDX,DWORD [-1427092+EBP]
   218 00000240 01 C2                           	ADD	EDX,EAX
   219 00000242 52                              	PUSH	EDX
   220 00000243 6A 1D                           	PUSH	29
   221 00000245 50                              	PUSH	EAX
   222 00000246 FF B5 FFBA3960                  	PUSH	DWORD [-4572832+EBP]
   223 0000024C E8 [00000000]                   	CALL	_api_refreshwin
   224 00000251 83 C4 14                        	ADD	ESP,20
   225 00000254                                 L32:
   226 00000254 6A 01                           	PUSH	1
   227 00000256 E8 [00000000]                   	CALL	_api_getkey
   228 0000025B 89 C6                           	MOV	ESI,EAX
   229 0000025D 58                              	POP	EAX
   230 0000025E 83 FE 51                        	CMP	ESI,81
   231 00000261 74 05                           	JE	L36
   232 00000263 83 FE 71                        	CMP	ESI,113
   233 00000266 75 EC                           	JNE	L32
   234 00000268                                 L36:
   235 00000268 E8 [00000000]                   	CALL	_api_end
   236 0000026D EB E5                           	JMP	L32
   237 0000026F                                 L46:
   238 0000026F 6A 00                           	PUSH	0
   239 00000271 8D 85 FFBA3964                  	LEA	EAX,DWORD [-4572828+EBP]
   240 00000277 50                              	PUSH	EAX
   241 00000278 8D 85 FFF6FFF4                  	LEA	EAX,DWORD [-589836+EBP]
   242 0000027E 6A 04                           	PUSH	4
   243 00000280 50                              	PUSH	EAX
   244 00000281 8D 85 FFFEFFF4                  	LEA	EAX,DWORD [-65548+EBP]
   245 00000287 57                              	PUSH	EDI
   246 00000288 50                              	PUSH	EAX
   247 00000289 E8 [00000000]                   	CALL	_decode0_BMP
   248 0000028E E9 FFFFFED2                     	JMP	L45
   249 00000293                                 L11:
   250 00000293 47                              	INC	EDI
   251 00000294 80 3F 20                        	CMP	BYTE [EDI],32
   252 00000297 74 FA                           	JE	L11
   253 00000299 E9 FFFFFD9C                     	JMP	L40
   254                                          [SECTION .data]
   255 0000007A 00 00                           	ALIGNB	4
   256 0000007C                                 _table.0:
   257 0000007C 00000003                        	DD	3
   258 00000080 00000001                        	DD	1
   259 00000084 00000000                        	DD	0
   260 00000088 00000002                        	DD	2
   261                                          [SECTION .text]
   262 0000029E                                 	GLOBAL	_rgb2pal
   263 0000029E                                 _rgb2pal:
   264 0000029E 55                              	PUSH	EBP
   265 0000029F 89 E5                           	MOV	EBP,ESP
   266 000002A1 57                              	PUSH	EDI
   267 000002A2 56                              	PUSH	ESI
   268 000002A3 BF 00000100                     	MOV	EDI,256
   269 000002A8 53                              	PUSH	EBX
   270 000002A9 BE 00000100                     	MOV	ESI,256
   271 000002AE 83 EC 14                        	SUB	ESP,20
   272 000002B1 6B 4D 08 15                     	IMUL	ECX,DWORD [8+EBP],21
   273 000002B5 8B 55 14                        	MOV	EDX,DWORD [20+EBP]
   274 000002B8 8B 45 18                        	MOV	EAX,DWORD [24+EBP]
   275 000002BB 83 E2 01                        	AND	EDX,1
   276 000002BE 83 E0 01                        	AND	EAX,1
   277 000002C1 8D 04 42                        	LEA	EAX,DWORD [EDX+EAX*2]
   278 000002C4 8B 1C 85 [0000007C]             	MOV	EBX,DWORD [_table.0+EAX*4]
   279 000002CB 89 C8                           	MOV	EAX,ECX
   280 000002CD 99                              	CDQ
   281 000002CE F7 FE                           	IDIV	ESI
   282 000002D0 6B 75 0C 15                     	IMUL	ESI,DWORD [12+EBP],21
   283 000002D4 89 C1                           	MOV	ECX,EAX
   284 000002D6 89 F0                           	MOV	EAX,ESI
   285 000002D8 99                              	CDQ
   286 000002D9 F7 FF                           	IDIV	EDI
   287 000002DB 6B 75 10 15                     	IMUL	ESI,DWORD [16+EBP],21
   288 000002DF 89 45 E0                        	MOV	DWORD [-32+EBP],EAX
   289 000002E2 01 D9                           	ADD	ECX,EBX
   290 000002E4 89 F0                           	MOV	EAX,ESI
   291 000002E6 99                              	CDQ
   292 000002E7 F7 FF                           	IDIV	EDI
   293 000002E9 89 C6                           	MOV	ESI,EAX
   294 000002EB BF 00000004                     	MOV	EDI,4
   295 000002F0 89 C8                           	MOV	EAX,ECX
   296 000002F2 99                              	CDQ
   297 000002F3 F7 FF                           	IDIV	EDI
   298 000002F5 89 C1                           	MOV	ECX,EAX
   299 000002F7 8B 45 E0                        	MOV	EAX,DWORD [-32+EBP]
   300 000002FA 01 D8                           	ADD	EAX,EBX
   301 000002FC 8D 1C 33                        	LEA	EBX,DWORD [EBX+ESI*1]
   302 000002FF 99                              	CDQ
   303 00000300 F7 FF                           	IDIV	EDI
   304 00000302 89 45 E0                        	MOV	DWORD [-32+EBP],EAX
   305 00000305 89 D8                           	MOV	EAX,EBX
   306 00000307 99                              	CDQ
   307 00000308 F7 FF                           	IDIV	EDI
   308 0000030A 89 C3                           	MOV	EBX,EAX
   309 0000030C 6B 45 E0 06                     	IMUL	EAX,DWORD [-32+EBP],6
   310 00000310 6B D3 24                        	IMUL	EDX,EBX,36
   311 00000313 83 C4 14                        	ADD	ESP,20
   312 00000316 8D 04 08                        	LEA	EAX,DWORD [EAX+ECX*1]
   313 00000319 5B                              	POP	EBX
   314 0000031A 5E                              	POP	ESI
   315 0000031B 8D 44 02 10                     	LEA	EAX,DWORD [16+EDX+EAX*1]
   316 0000031F 5F                              	POP	EDI
   317 00000320 0F B6 C0                        	MOVZX	EAX,AL
   318 00000323 5D                              	POP	EBP
   319 00000324 C3                              	RET
   320                                          [SECTION .data]
   321 0000008C                                 LC6:
   322 0000008C C8 ED BC FE B4 ED CE F3 00      	DB	0xC8,0xED,0xBC,0xFE,0xB4,0xED,0xCE,0xF3,0x00
   323                                          [SECTION .text]
   324 00000325                                 	GLOBAL	_error
   325 00000325                                 _error:
   326 00000325 55                              	PUSH	EBP
   327 00000326 B8 00024B10                     	MOV	EAX,150288
   328 0000032B 89 E5                           	MOV	EBP,ESP
   329 0000032D E8 [00000000]                   	CALL	__alloca
   330 00000332 68 [00000060]                   	PUSH	LC4
   331 00000337 68 000000FF                     	PUSH	255
   332 0000033C 8D 85 FFFDE4F0                  	LEA	EAX,DWORD [-138000+EBP]
   333 00000342 68 0000012C                     	PUSH	300
   334 00000347 68 000001CC                     	PUSH	460
   335 0000034C 50                              	PUSH	EAX
   336 0000034D E8 [00000000]                   	CALL	_api_openwin
   337 00000352 8D 85 FFFDB4F0                  	LEA	EAX,DWORD [-150288+EBP]
   338 00000358 68 [0000008C]                   	PUSH	LC6
   339 0000035D 68 000000FF                     	PUSH	255
   340 00000362 6A 30                           	PUSH	48
   341 00000364 68 00000100                     	PUSH	256
   342 00000369 50                              	PUSH	EAX
   343 0000036A E8 [00000000]                   	CALL	_api_openwin
   344 0000036F 83 C4 28                        	ADD	ESP,40
   345 00000372 FF 75 08                        	PUSH	DWORD [8+EBP]
   346 00000375 6A 2D                           	PUSH	45
   347 00000377 6A 00                           	PUSH	0
   348 00000379 6A 20                           	PUSH	32
   349 0000037B 6A 20                           	PUSH	32
   350 0000037D 50                              	PUSH	EAX
   351 0000037E E8 [00000000]                   	CALL	_api_putstrwin
   352 00000383 83 C4 18                        	ADD	ESP,24
   353 00000386                                 L49:
   354 00000386 EB FE                           	JMP	L49
