     1 00000000                                 [FORMAT "WCOFF"]
     2 00000000                                 [INSTRSET "i486p"]
     3 00000000                                 [OPTIMIZE 1]
     4 00000000                                 [OPTION 1]
     5 00000000                                 [BITS 32]
     6 00000000                                 	EXTERN	__alloca
     7 00000000                                 	EXTERN	_api_openwin
     8 00000000                                 	EXTERN	_api_cmdline
     9 00000000                                 	EXTERN	_api_putstrwin
    10 00000000                                 	EXTERN	_api_fopen
    11 00000000                                 	EXTERN	_api_fsize
    12 00000000                                 	EXTERN	_api_fread
    13 00000000                                 	EXTERN	_api_fclose
    14 00000000                                 	EXTERN	_api_alloctimer
    15 00000000                                 	EXTERN	_api_inittimer
    16 00000000                                 	EXTERN	_api_point
    17 00000000                                 	EXTERN	_api_settimer
    18 00000000                                 	EXTERN	_api_getkey
    19 00000000                                 [FILE "video.c"]
    20                                          [SECTION .data]
    21 00000000                                 LC0:
    22 00000000 CA D3 C6 B5 00                  	DB	0xCA,0xD3,0xC6,0xB5,0x00
    23 00000005                                 LC1:
    24 00000005 CF B5 CD B3 D5 D2 B2 BB B5 BD   	DB	0xCF,0xB5,0xCD,0xB3,0xD5,0xD2,0xB2,0xBB,0xB5,0xBD,0xD6,0xB8,0xB6,0xA8,0xCE,0xC4,0xBC,0xFE,0xBB,0xF2,0xCE,0xC4,0xBC,0xFE,0xB4,0xED,0xCE,0xF3,0xA3,0xA1,0x00
       0000000F D6 B8 B6 A8 CE C4 BC FE BB F2 
       00000019 CE C4 BC FE B4 ED CE F3 A3 A1 
       00000023 00 
    25                                          [SECTION .text]
    26 00000000                                 	GLOBAL	__main
    27 00000000                                 __main:
    28 00000000 55                              	PUSH	EBP
    29 00000001 B8 000364F0                     	MOV	EAX,222448
    30 00000006 89 E5                           	MOV	EBP,ESP
    31 00000008 57                              	PUSH	EDI
    32 00000009 56                              	PUSH	ESI
    33 0000000A 53                              	PUSH	EBX
    34 0000000B 8D 9D FFFC9B14                  	LEA	EBX,DWORD [-222444+EBP]
    35 00000011 E8 [00000000]                   	CALL	__alloca
    36 00000016 8D 85 FFFE2B34                  	LEA	EAX,DWORD [-120012+EBP]
    37 0000001C 68 [00000000]                   	PUSH	LC0
    38 00000021 68 000000FF                     	PUSH	255
    39 00000026 68 0000012C                     	PUSH	300
    40 0000002B 68 00000190                     	PUSH	400
    41 00000030 50                              	PUSH	EAX
    42 00000031 C7 85 FFFC9B08 00000040         	MOV	DWORD [-222456+EBP],64
    43 0000003B C7 85 FFFC9B04 00000040         	MOV	DWORD [-222460+EBP],64
    44 00000045 E8 [00000000]                   	CALL	_api_openwin
    45 0000004A 6A 1E                           	PUSH	30
    46 0000004C 53                              	PUSH	EBX
    47 0000004D 89 85 FFFC9B0C                  	MOV	DWORD [-222452+EBP],EAX
    48 00000053 E8 [00000000]                   	CALL	_api_cmdline
    49 00000058 83 C4 1C                        	ADD	ESP,28
    50 0000005B 89 9D FFFC9B10                  	MOV	DWORD [-222448+EBP],EBX
    51 00000061 80 BD FFFC9B14 20               	CMP	BYTE [-222444+EBP],32
    52 00000068 7E 11                           	JLE	L64
    53 0000006A                                 L6:
    54 0000006A FF 85 FFFC9B10                  	INC	DWORD [-222448+EBP]
    55 00000070 8B 85 FFFC9B10                  	MOV	EAX,DWORD [-222448+EBP]
    56 00000076 80 38 20                        	CMP	BYTE [EAX],32
    57 00000079 7F EF                           	JG	L6
    58 0000007B                                 L64:
    59 0000007B 8B 95 FFFC9B10                  	MOV	EDX,DWORD [-222448+EBP]
    60 00000081 80 3A 20                        	CMP	BYTE [EDX],32
    61 00000084 0F 84 0000028D                  	JE	L11
    62 0000008A                                 L66:
    63 0000008A FC                              	CLD
    64 0000008B 83 C9 FF                        	OR	ECX,-1
    65 0000008E 31 C0                           	XOR	EAX,EAX
    66 00000090 8B BD FFFC9B10                  	MOV	EDI,DWORD [-222448+EBP]
    67 00000096 F2                              	REPNE
    68 00000097 AE                              	SCASB
    69 00000098 F7 D1                           	NOT	ECX
    70 0000009A 8D 71 FF                        	LEA	ESI,DWORD [-1+ECX]
    71 0000009D 83 FE 0C                        	CMP	ESI,12
    72 000000A0 7F 04                           	JG	L14
    73 000000A2 85 F6                           	TEST	ESI,ESI
    74 000000A4 75 1D                           	JNE	L12
    75 000000A6                                 L14:
    76 000000A6 68 [00000005]                   	PUSH	LC1
    77 000000AB 6A 32                           	PUSH	50
    78 000000AD 6A 00                           	PUSH	0
    79 000000AF 6A 1A                           	PUSH	26
    80 000000B1 6A 05                           	PUSH	5
    81 000000B3 FF B5 FFFC9B0C                  	PUSH	DWORD [-222452+EBP]
    82 000000B9 E8 [00000000]                   	CALL	_api_putstrwin
    83 000000BE 83 C4 18                        	ADD	ESP,24
    84 000000C1                                 L15:
    85 000000C1 EB FE                           	JMP	L15
    86 000000C3                                 L12:
    87 000000C3 FF B5 FFFC9B10                  	PUSH	DWORD [-222448+EBP]
    88 000000C9 E8 [00000000]                   	CALL	_api_fopen
    89 000000CE 5F                              	POP	EDI
    90 000000CF 89 C6                           	MOV	ESI,EAX
    91 000000D1 85 C0                           	TEST	EAX,EAX
    92 000000D3 74 D1                           	JE	L14
    93 000000D5 6A 00                           	PUSH	0
    94 000000D7 50                              	PUSH	EAX
    95 000000D8 E8 [00000000]                   	CALL	_api_fsize
    96 000000DD 59                              	POP	ECX
    97 000000DE 89 C7                           	MOV	EDI,EAX
    98 000000E0 5B                              	POP	EBX
    99 000000E1 3D 00018FFF                     	CMP	EAX,102399
   100 000000E6 7E 05                           	JLE	L19
   101 000000E8 BF 00018FFF                     	MOV	EDI,102399
   102 000000ED                                 L19:
   103 000000ED 56                              	PUSH	ESI
   104 000000EE 8D 9D FFFC9B34                  	LEA	EBX,DWORD [-222412+EBP]
   105 000000F4 57                              	PUSH	EDI
   106 000000F5 53                              	PUSH	EBX
   107 000000F6 E8 [00000000]                   	CALL	_api_fread
   108 000000FB 56                              	PUSH	ESI
   109 000000FC 31 F6                           	XOR	ESI,ESI
   110 000000FE E8 [00000000]                   	CALL	_api_fclose
   111 00000103 C6 84 3D FFFC9B34 00            	MOV	BYTE [-222412+EBP+EDI*1],0
   112 0000010B FF B5 FFFC9B10                  	PUSH	DWORD [-222448+EBP]
   113 00000111 6A 0C                           	PUSH	12
   114 00000113 6A 03                           	PUSH	3
   115 00000115 6A 18                           	PUSH	24
   116 00000117 6A 10                           	PUSH	16
   117 00000119 FF B5 FFFC9B0C                  	PUSH	DWORD [-222452+EBP]
   118 0000011F E8 [00000000]                   	CALL	_api_putstrwin
   119 00000124 83 C4 28                        	ADD	ESP,40
   120 00000127 89 9D FFFC9B10                  	MOV	DWORD [-222448+EBP],EBX
   121 0000012D 80 BD FFFC9B34 00               	CMP	BYTE [-222412+EBP],0
   122 00000134 74 3C                           	JE	L68
   123 00000136                                 L43:
   124 00000136 85 F6                           	TEST	ESI,ESI
   125 00000138 0F 85 0000016C                  	JNE	L24
   126 0000013E 8B 95 FFFC9B10                  	MOV	EDX,DWORD [-222448+EBP]
   127 00000144 8A 02                           	MOV	AL,BYTE [EDX]
   128 00000146 3C 20                           	CMP	AL,32
   129 00000148 0F 8E 0000015C                  	JLE	L24
   130 0000014E 3C 2F                           	CMP	AL,47
   131 00000150 0F 84 00000117                  	JE	L73
   132 00000156 3C 22                           	CMP	AL,34
   133 00000158 0F 84 00000101                  	JE	L74
   134 0000015E                                 L70:
   135 0000015E 88 03                           	MOV	BYTE [EBX],AL
   136 00000160                                 L71:
   137 00000160 43                              	INC	EBX
   138 00000161                                 L22:
   139 00000161 FF 85 FFFC9B10                  	INC	DWORD [-222448+EBP]
   140 00000167 8B 85 FFFC9B10                  	MOV	EAX,DWORD [-222448+EBP]
   141 0000016D 80 38 00                        	CMP	BYTE [EAX],0
   142 00000170 75 C4                           	JNE	L43
   143 00000172                                 L68:
   144 00000172 C6 03 00                        	MOV	BYTE [EBX],0
   145 00000175 E8 [00000000]                   	CALL	_api_alloctimer
   146 0000017A 68 00000080                     	PUSH	128
   147 0000017F 50                              	PUSH	EAX
   148 00000180 E8 [00000000]                   	CALL	_api_inittimer
   149 00000185 58                              	POP	EAX
   150 00000186 8D 95 FFFC9B34                  	LEA	EDX,DWORD [-222412+EBP]
   151 0000018C 89 95 FFFC9B10                  	MOV	DWORD [-222448+EBP],EDX
   152 00000192 5A                              	POP	EDX
   153 00000193                                 L44:
   154 00000193 8B 95 FFFC9B10                  	MOV	EDX,DWORD [-222448+EBP]
   155 00000199 8A 02                           	MOV	AL,BYTE [EDX]
   156 0000019B 3C 26                           	CMP	AL,38
   157 0000019D 0F 84 000000BA                  	JE	L48
   158 000001A3 3C 2E                           	CMP	AL,46
   159 000001A5 74 7B                           	JE	L75
   160 000001A7 3C 30                           	CMP	AL,48
   161 000001A9 74 22                           	JE	L76
   162 000001AB 84 C0                           	TEST	AL,AL
   163 000001AD 75 16                           	JNE	L51
   164 000001AF 8D 85 FFFC9B34                  	LEA	EAX,DWORD [-222412+EBP]
   165 000001B5 C7 85 FFFC9B08 00000040         	MOV	DWORD [-222456+EBP],64
   166 000001BF 89 85 FFFC9B10                  	MOV	DWORD [-222448+EBP],EAX
   167 000001C5                                 L51:
   168 000001C5 FF 85 FFFC9B10                  	INC	DWORD [-222448+EBP]
   169 000001CB EB C6                           	JMP	L44
   170 000001CD                                 L76:
   171 000001CD 81 BD FFFC9B04 00000080         	CMP	DWORD [-222460+EBP],128
   172 000001D7 7E 0A                           	JLE	L58
   173 000001D9 C7 85 FFFC9B04 00000040         	MOV	DWORD [-222460+EBP],64
   174 000001E3                                 L58:
   175 000001E3 83 BD FFFC9B08 7E               	CMP	DWORD [-222456+EBP],126
   176 000001EA 7F 24                           	JG	L59
   177 000001EC FF 85 FFFC9B08                  	INC	DWORD [-222456+EBP]
   178 000001F2                                 L60:
   179 000001F2 6A 00                           	PUSH	0
   180 000001F4                                 L72:
   181 000001F4 FF B5 FFFC9B04                  	PUSH	DWORD [-222460+EBP]
   182 000001FA FF B5 FFFC9B08                  	PUSH	DWORD [-222456+EBP]
   183 00000200 FF B5 FFFC9B0C                  	PUSH	DWORD [-222452+EBP]
   184 00000206 E8 [00000000]                   	CALL	_api_point
   185 0000020B 83 C4 10                        	ADD	ESP,16
   186 0000020E EB B5                           	JMP	L51
   187 00000210                                 L59:
   188 00000210 FF 85 FFFC9B04                  	INC	DWORD [-222460+EBP]
   189 00000216 C7 85 FFFC9B08 00000040         	MOV	DWORD [-222456+EBP],64
   190 00000220 EB D0                           	JMP	L60
   191 00000222                                 L75:
   192 00000222 81 BD FFFC9B04 00000080         	CMP	DWORD [-222460+EBP],128
   193 0000022C 7E 0A                           	JLE	L53
   194 0000022E C7 85 FFFC9B04 00000040         	MOV	DWORD [-222460+EBP],64
   195 00000238                                 L53:
   196 00000238 83 BD FFFC9B08 7E               	CMP	DWORD [-222456+EBP],126
   197 0000023F 7F 0A                           	JG	L54
   198 00000241 FF 85 FFFC9B08                  	INC	DWORD [-222456+EBP]
   199 00000247                                 L55:
   200 00000247 6A 07                           	PUSH	7
   201 00000249 EB A9                           	JMP	L72
   202 0000024B                                 L54:
   203 0000024B FF 85 FFFC9B04                  	INC	DWORD [-222460+EBP]
   204 00000251 C7 85 FFFC9B08 00000040         	MOV	DWORD [-222456+EBP],64
   205 0000025B EB EA                           	JMP	L55
   206 0000025D                                 L48:
   207 0000025D EB FE                           	JMP	L48
   208 0000025F                                 L74:
   209 0000025F C6 03 22                        	MOV	BYTE [EBX],34
   210 00000262 BE 00000003                     	MOV	ESI,3
   211 00000267 43                              	INC	EBX
   212 00000268 E9 FFFFFEF4                     	JMP	L22
   213 0000026D                                 L73:
   214 0000026D 8A 42 01                        	MOV	AL,BYTE [1+EDX]
   215 00000270 3C 2A                           	CMP	AL,42
   216 00000272 74 2C                           	JE	L77
   217 00000274 3C 2F                           	CMP	AL,47
   218 00000276 74 1E                           	JE	L78
   219 00000278 C6 03 2F                        	MOV	BYTE [EBX],47
   220 0000027B 8B 95 FFFC9B10                  	MOV	EDX,DWORD [-222448+EBP]
   221 00000281 8A 02                           	MOV	AL,BYTE [EDX]
   222 00000283 83 E8 61                        	SUB	EAX,97
   223 00000286 3C 19                           	CMP	AL,25
   224 00000288 0F 87 FFFFFED2                  	JA	L71
   225 0000028E C6 03 0F                        	MOV	BYTE [EBX],15
   226 00000291 E9 FFFFFECA                     	JMP	L71
   227 00000296                                 L78:
   228 00000296 BE 00000002                     	MOV	ESI,2
   229 0000029B E9 FFFFFEC1                     	JMP	L22
   230 000002A0                                 L77:
   231 000002A0 BE 00000001                     	MOV	ESI,1
   232 000002A5 E9 FFFFFEB7                     	JMP	L22
   233 000002AA                                 L24:
   234 000002AA 83 FE 01                        	CMP	ESI,1
   235 000002AD 74 4E                           	JE	L79
   236 000002AF                                 L35:
   237 000002AF 83 FE 02                        	CMP	ESI,2
   238 000002B2 74 3C                           	JE	L80
   239 000002B4                                 L37:
   240 000002B4 83 FE 03                        	CMP	ESI,3
   241 000002B7 0F 85 FFFFFEA4                  	JNE	L22
   242 000002BD 8B 95 FFFC9B10                  	MOV	EDX,DWORD [-222448+EBP]
   243 000002C3 8A 02                           	MOV	AL,BYTE [EDX]
   244 000002C5 88 03                           	MOV	BYTE [EBX],AL
   245 000002C7 43                              	INC	EBX
   246 000002C8 8A 02                           	MOV	AL,BYTE [EDX]
   247 000002CA 3C 22                           	CMP	AL,34
   248 000002CC 74 1B                           	JE	L69
   249 000002CE 3C 25                           	CMP	AL,37
   250 000002D0 0F 85 FFFFFE8B                  	JNE	L22
   251 000002D6 FF 85 FFFC9B10                  	INC	DWORD [-222448+EBP]
   252 000002DC 8B 95 FFFC9B10                  	MOV	EDX,DWORD [-222448+EBP]
   253 000002E2 8A 02                           	MOV	AL,BYTE [EDX]
   254 000002E4 E9 FFFFFE75                     	JMP	L70
   255 000002E9                                 L69:
   256 000002E9 31 F6                           	XOR	ESI,ESI
   257 000002EB E9 FFFFFE71                     	JMP	L22
   258 000002F0                                 L80:
   259 000002F0 8B 95 FFFC9B10                  	MOV	EDX,DWORD [-222448+EBP]
   260 000002F6 80 3A 0A                        	CMP	BYTE [EDX],10
   261 000002F9 75 B9                           	JNE	L37
   262 000002FB EB EC                           	JMP	L69
   263 000002FD                                 L79:
   264 000002FD 8B 85 FFFC9B10                  	MOV	EAX,DWORD [-222448+EBP]
   265 00000303 80 38 2A                        	CMP	BYTE [EAX],42
   266 00000306 75 A7                           	JNE	L35
   267 00000308 80 78 01 2F                     	CMP	BYTE [1+EAX],47
   268 0000030C 75 A1                           	JNE	L35
   269 0000030E 40                              	INC	EAX
   270 0000030F 89 85 FFFC9B10                  	MOV	DWORD [-222448+EBP],EAX
   271 00000315 EB D2                           	JMP	L69
   272 00000317                                 L11:
   273 00000317 FF 85 FFFC9B10                  	INC	DWORD [-222448+EBP]
   274 0000031D 8B 85 FFFC9B10                  	MOV	EAX,DWORD [-222448+EBP]
   275 00000323 80 38 20                        	CMP	BYTE [EAX],32
   276 00000326 74 EF                           	JE	L11
   277 00000328 E9 FFFFFD5D                     	JMP	L66
   278 0000032D                                 	GLOBAL	_waittimer
   279 0000032D                                 _waittimer:
   280 0000032D 55                              	PUSH	EBP
   281 0000032E 89 E5                           	MOV	EBP,ESP
   282 00000330 FF 75 0C                        	PUSH	DWORD [12+EBP]
   283 00000333 FF 75 08                        	PUSH	DWORD [8+EBP]
   284 00000336 E8 [00000000]                   	CALL	_api_settimer
   285 0000033B 59                              	POP	ECX
   286 0000033C 58                              	POP	EAX
   287 0000033D                                 L82:
   288 0000033D 6A 01                           	PUSH	1
   289 0000033F E8 [00000000]                   	CALL	_api_getkey
   290 00000344 5A                              	POP	EDX
   291 00000345 83 C0 80                        	ADD	EAX,-128
   292 00000348 75 F3                           	JNE	L82
   293 0000034A C9                              	LEAVE
   294 0000034B C3                              	RET
