     1 00000000                                 [FORMAT "WCOFF"]
     2 00000000                                 [INSTRSET "i486p"]
     3 00000000                                 [OPTIMIZE 1]
     4 00000000                                 [OPTION 1]
     5 00000000                                 [BITS 32]
     6 00000000                                 	EXTERN	__alloca
     7 00000000                                 	EXTERN	_api_openwin
     8 00000000                                 	EXTERN	_api_alloctimer
     9 00000000                                 	EXTERN	_api_inittimer
    10 00000000                                 	EXTERN	_api_putstrwin
    11 00000000                                 	EXTERN	_api_settimer
    12 00000000                                 	EXTERN	_api_getkey
    13 00000000                                 	EXTERN	_api_closewin
    14 00000000                                 	EXTERN	_api_end
    15 00000000                                 [FILE "mtorz.c"]
    16                                          [SECTION .data]
    17 00000000                                 LC0:
    18 00000000 4D 74 2E 6F 72 7A 00            	DB	"Mt.orz",0x00
    19 00000007                                 LC1:
    20 00000007 6F 72 7A 00                     	DB	"orz",0x00
    21 0000000B                                 LC2:
    22 0000000B 6F 72 7A 20 6F 72 7A 00         	DB	"orz orz",0x00
    23 00000013                                 LC3:
    24 00000013 6F 72 7A 20 6F 72 7A 20 6F 72   	DB	"orz orz orz",0x00
       0000001D 7A 00 
    25 0000001F                                 LC4:
    26 0000001F 6F 72 7A 20 6F 72 7A 20 6F 72   	DB	"orz orz orz orz",0x00
       00000029 7A 20 6F 72 7A 00 
    27                                          [SECTION .text]
    28 00000000                                 	GLOBAL	__main
    29 00000000                                 __main:
    30 00000000 55                              	PUSH	EBP
    31 00000001 B8 00003B64                     	MOV	EAX,15204
    32 00000006 89 E5                           	MOV	EBP,ESP
    33 00000008 57                              	PUSH	EDI
    34 00000009 56                              	PUSH	ESI
    35 0000000A 53                              	PUSH	EBX
    36 0000000B E8 [00000000]                   	CALL	__alloca
    37 00000010 8D 85 FFFFC494                  	LEA	EAX,DWORD [-15212+EBP]
    38 00000016 68 [00000000]                   	PUSH	LC0
    39 0000001B 68 000000FF                     	PUSH	255
    40 00000020 6A 64                           	PUSH	100
    41 00000022 68 00000098                     	PUSH	152
    42 00000027 50                              	PUSH	EAX
    43 00000028 E8 [00000000]                   	CALL	_api_openwin
    44 0000002D 89 C7                           	MOV	EDI,EAX
    45 0000002F E8 [00000000]                   	CALL	_api_alloctimer
    46 00000034 68 00000080                     	PUSH	128
    47 00000039 50                              	PUSH	EAX
    48 0000003A 89 85 FFFFC490                  	MOV	DWORD [-15216+EBP],EAX
    49 00000040 E8 [00000000]                   	CALL	_api_inittimer
    50 00000045 83 C4 1C                        	ADD	ESP,28
    51 00000048                                 L2:
    52 00000048 BE 00000008                     	MOV	ESI,8
    53 0000004D                                 L13:
    54 0000004D 89 F0                           	MOV	EAX,ESI
    55 0000004F 3C 08                           	CMP	AL,8
    56 00000051 0F 84 0000009D                  	JE	L15
    57 00000057                                 L9:
    58 00000057 68 [00000007]                   	PUSH	LC1
    59 0000005C 89 F0                           	MOV	EAX,ESI
    60 0000005E 6A 03                           	PUSH	3
    61 00000060 0F BE D8                        	MOVSX	EBX,AL
    62 00000063 53                              	PUSH	EBX
    63 00000064 6A 1A                           	PUSH	26
    64 00000066 6A 40                           	PUSH	64
    65 00000068 57                              	PUSH	EDI
    66 00000069 E8 [00000000]                   	CALL	_api_putstrwin
    67 0000006E 68 [0000000B]                   	PUSH	LC2
    68 00000073 6A 07                           	PUSH	7
    69 00000075 53                              	PUSH	EBX
    70 00000076 6A 2A                           	PUSH	42
    71 00000078 6A 30                           	PUSH	48
    72 0000007A 57                              	PUSH	EDI
    73 0000007B E8 [00000000]                   	CALL	_api_putstrwin
    74 00000080 83 C4 30                        	ADD	ESP,48
    75 00000083 68 [00000013]                   	PUSH	LC3
    76 00000088 6A 0B                           	PUSH	11
    77 0000008A 53                              	PUSH	EBX
    78 0000008B 6A 3A                           	PUSH	58
    79 0000008D 6A 20                           	PUSH	32
    80 0000008F 57                              	PUSH	EDI
    81 00000090 E8 [00000000]                   	CALL	_api_putstrwin
    82 00000095 68 [0000001F]                   	PUSH	LC4
    83 0000009A 6A 0F                           	PUSH	15
    84 0000009C 53                              	PUSH	EBX
    85 0000009D 6A 4A                           	PUSH	74
    86 0000009F 6A 10                           	PUSH	16
    87 000000A1 57                              	PUSH	EDI
    88 000000A2 E8 [00000000]                   	CALL	_api_putstrwin
    89 000000A7 89 F0                           	MOV	EAX,ESI
    90 000000A9 83 C4 30                        	ADD	ESP,48
    91 000000AC 84 C0                           	TEST	AL,AL
    92 000000AE 75 05                           	JNE	L10
    93 000000B0 BE 00000008                     	MOV	ESI,8
    94 000000B5                                 L10:
    95 000000B5 6A 32                           	PUSH	50
    96 000000B7 FF B5 FFFFC490                  	PUSH	DWORD [-15216+EBP]
    97 000000BD E8 [00000000]                   	CALL	_api_settimer
    98 000000C2 6A 01                           	PUSH	1
    99 000000C4 E8 [00000000]                   	CALL	_api_getkey
   100 000000C9 83 C4 0C                        	ADD	ESP,12
   101 000000CC 83 C0 80                        	ADD	EAX,-128
   102 000000CF 75 10                           	JNE	L12
   103 000000D1 46                              	INC	ESI
   104 000000D2 89 F0                           	MOV	EAX,ESI
   105 000000D4 3C 0F                           	CMP	AL,15
   106 000000D6 0F 8E FFFFFF71                  	JLE	L13
   107 000000DC E9 FFFFFF67                     	JMP	L2
   108 000000E1                                 L12:
   109 000000E1 57                              	PUSH	EDI
   110 000000E2 E8 [00000000]                   	CALL	_api_closewin
   111 000000E7 E8 [00000000]                   	CALL	_api_end
   112 000000EC 8D 65 F4                        	LEA	ESP,DWORD [-12+EBP]
   113 000000EF 5B                              	POP	EBX
   114 000000F0 5E                              	POP	ESI
   115 000000F1 5F                              	POP	EDI
   116 000000F2 5D                              	POP	EBP
   117 000000F3 C3                              	RET
   118 000000F4                                 L15:
   119 000000F4 31 F6                           	XOR	ESI,ESI
   120 000000F6 E9 FFFFFF5C                     	JMP	L9
