     1 00000000                                 [FORMAT "WCOFF"]
     2 00000000                                 [INSTRSET "i486p"]
     3 00000000                                 [OPTIMIZE 1]
     4 00000000                                 [OPTION 1]
     5 00000000                                 [BITS 32]
     6 00000000                                 	EXTERN	__alloca
     7 00000000                                 	EXTERN	_api_getlang
     8 00000000                                 	EXTERN	_api_cmdline
     9 00000000                                 	EXTERN	_api_putstr0
    10 00000000                                 	EXTERN	_api_end
    11 00000000                                 	EXTERN	_strtol
    12 00000000                                 	EXTERN	_api_openwin
    13 00000000                                 	EXTERN	_api_boxfilwin
    14 00000000                                 	EXTERN	_api_fopen
    15 00000000                                 	EXTERN	_api_fsize
    16 00000000                                 	EXTERN	_api_fread
    17 00000000                                 	EXTERN	_api_fclose
    18 00000000                                 	EXTERN	_api_getkey
    19 00000000                                 	EXTERN	_api_refreshwin
    20 00000000                                 	EXTERN	_api_putstrwin
    21 00000000                                 [FILE "tview.c"]
    22                                          [SECTION .data]
    23 00000000                                 LC0:
    24 00000000 20 3E 74 76 69 65 77 20 66 69   	DB	" >tview file [-w30 -h10 -t4]",0x0A,0x00
       0000000A 6C 65 20 5B 2D 77 33 30 20 2D 
       00000014 68 31 30 20 2D 74 34 5D 0A 00 
    25 0000001E                                 LC1:
    26 0000001E CE C4 B1 BE D4 C4 B6 C1 C6 F7   	DB	0xCE,0xC4,0xB1,0xBE,0xD4,0xC4,0xB6,0xC1,0xC6,0xF7,0x00
       00000028 00 
    27 00000029                                 LC2:
    28 00000029 0A CE C4 BC FE B4 F2 BF AA CA   	DB	0x0A,0xCE,0xC4,0xBC,0xFE,0xB4,0xF2,0xBF,0xAA,0xCA,0xA7,0xB0,0xDC," ",0xA1,0xA3,0x0A,"file open error .",0x0A,0x00
       00000033 A7 B0 DC 20 A1 A3 0A 66 69 6C 
       0000003D 65 20 6F 70 65 6E 20 65 72 72 
       00000047 6F 72 20 2E 0A 00 
    29                                          [SECTION .text]
    30 00000000                                 	GLOBAL	__main
    31 00000000                                 __main:
    32 00000000 55                              	PUSH	EBP
    33 00000001 B8 000F9448                     	MOV	EAX,1021000
    34 00000006 89 E5                           	MOV	EBP,ESP
    35 00000008 57                              	PUSH	EDI
    36 00000009 56                              	PUSH	ESI
    37 0000000A 31 FF                           	XOR	EDI,EDI
    38 0000000C 53                              	PUSH	EBX
    39 0000000D 8D 9D FFF06BD4                  	LEA	EBX,DWORD [-1020972+EBP]
    40 00000013 E8 [00000000]                   	CALL	__alloca
    41 00000018 C7 85 FFF06BCC 0000001E         	MOV	DWORD [-1020980+EBP],30
    42 00000022 C7 85 FFF06BC8 0000000A         	MOV	DWORD [-1020984+EBP],10
    43 0000002C C7 85 FFF06BC4 00000004         	MOV	DWORD [-1020988+EBP],4
    44 00000036 C7 85 FFF06BC0 00000001         	MOV	DWORD [-1020992+EBP],1
    45 00000040 C7 85 FFF06BBC 00000001         	MOV	DWORD [-1020996+EBP],1
    46 0000004A E8 [00000000]                   	CALL	_api_getlang
    47 0000004F 6A 1E                           	PUSH	30
    48 00000051 53                              	PUSH	EBX
    49 00000052 89 85 FFF06BB4                  	MOV	DWORD [-1021004+EBP],EAX
    50 00000058 C7 85 FFF06BB0 00000000         	MOV	DWORD [-1021008+EBP],0
    51 00000062 C7 85 FFF06BAC 00000000         	MOV	DWORD [-1021012+EBP],0
    52 0000006C E8 [00000000]                   	CALL	_api_cmdline
    53 00000071 89 D9                           	MOV	ECX,EBX
    54 00000073 5E                              	POP	ESI
    55 00000074 89 9D FFF06BD0                  	MOV	DWORD [-1020976+EBP],EBX
    56 0000007A 58                              	POP	EAX
    57 0000007B 80 BD FFF06BD4 20               	CMP	BYTE [-1020972+EBP],32
    58 00000082 7E 19                           	JLE	L95
    59 00000084 8D 95 FFF06BD5                  	LEA	EDX,DWORD [-1020971+EBP]
    60 0000008A                                 L6:
    61 0000008A 89 D0                           	MOV	EAX,EDX
    62 0000008C 89 95 FFF06BD0                  	MOV	DWORD [-1020976+EBP],EDX
    63 00000092 8D 51 02                        	LEA	EDX,DWORD [2+ECX]
    64 00000095 89 C1                           	MOV	ECX,EAX
    65 00000097 80 7A FF 20                     	CMP	BYTE [-1+EDX],32
    66 0000009B 7F ED                           	JG	L6
    67 0000009D                                 L95:
    68 0000009D 8B 85 FFF06BD0                  	MOV	EAX,DWORD [-1020976+EBP]
    69 000000A3 80 38 00                        	CMP	BYTE [EAX],0
    70 000000A6 0F 84 0000012D                  	JE	L97
    71 000000AC FF B5 FFF06BD0                  	PUSH	DWORD [-1020976+EBP]
    72 000000B2 E8 00000406                     	CALL	_skipspace
    73 000000B7 5B                              	POP	EBX
    74 000000B8 89 C2                           	MOV	EDX,EAX
    75 000000BA 89 85 FFF06BD0                  	MOV	DWORD [-1020976+EBP],EAX
    76 000000C0 8A 08                           	MOV	CL,BYTE [EAX]
    77 000000C2 80 F9 2D                        	CMP	CL,45
    78 000000C5 74 40                           	JE	L108
    79 000000C7 85 FF                           	TEST	EDI,EDI
    80 000000C9 74 12                           	JE	L109
    81 000000CB                                 L23:
    82 000000CB 68 [00000000]                   	PUSH	LC0
    83 000000D0 E8 [00000000]                   	CALL	_api_putstr0
    84 000000D5 E8 [00000000]                   	CALL	_api_end
    85 000000DA 5E                              	POP	ESI
    86 000000DB EB C0                           	JMP	L95
    87 000000DD                                 L109:
    88 000000DD 89 C7                           	MOV	EDI,EAX
    89 000000DF 80 F9 20                        	CMP	CL,32
    90 000000E2 7E 15                           	JLE	L99
    91 000000E4                                 L30:
    92 000000E4 8B 95 FFF06BD0                  	MOV	EDX,DWORD [-1020976+EBP]
    93 000000EA 8D 42 01                        	LEA	EAX,DWORD [1+EDX]
    94 000000ED 89 85 FFF06BD0                  	MOV	DWORD [-1020976+EBP],EAX
    95 000000F3 80 7A 01 20                     	CMP	BYTE [1+EDX],32
    96 000000F7 7F EB                           	JG	L30
    97 000000F9                                 L99:
    98 000000F9 8B 85 FFF06BD0                  	MOV	EAX,DWORD [-1020976+EBP]
    99 000000FF 89 85 FFF06BAC                  	MOV	DWORD [-1021012+EBP],EAX
   100 00000105 EB 96                           	JMP	L95
   101 00000107                                 L108:
   102 00000107 8A 40 01                        	MOV	AL,BYTE [1+EAX]
   103 0000010A 3C 77                           	CMP	AL,119
   104 0000010C 0F 84 00000081                  	JE	L110
   105 00000112 3C 68                           	CMP	AL,104
   106 00000114 74 36                           	JE	L111
   107 00000116 3C 74                           	CMP	AL,116
   108 00000118 75 B1                           	JNE	L23
   109 0000011A 6A 00                           	PUSH	0
   110 0000011C 8D 85 FFF06BD0                  	LEA	EAX,DWORD [-1020976+EBP]
   111 00000122 50                              	PUSH	EAX
   112 00000123 8D 42 02                        	LEA	EAX,DWORD [2+EDX]
   113 00000126 50                              	PUSH	EAX
   114 00000127 E8 [00000000]                   	CALL	_strtol
   115 0000012C 83 C4 0C                        	ADD	ESP,12
   116 0000012F 85 C0                           	TEST	EAX,EAX
   117 00000131 89 85 FFF06BC4                  	MOV	DWORD [-1020988+EBP],EAX
   118 00000137 0F 8F FFFFFF60                  	JG	L95
   119 0000013D C7 85 FFF06BC4 00000004         	MOV	DWORD [-1020988+EBP],4
   120 00000147 E9 FFFFFF51                     	JMP	L95
   121 0000014C                                 L111:
   122 0000014C 6A 00                           	PUSH	0
   123 0000014E 8D 85 FFF06BD0                  	LEA	EAX,DWORD [-1020976+EBP]
   124 00000154 50                              	PUSH	EAX
   125 00000155 8D 42 02                        	LEA	EAX,DWORD [2+EDX]
   126 00000158 50                              	PUSH	EAX
   127 00000159 E8 [00000000]                   	CALL	_strtol
   128 0000015E 83 C4 0C                        	ADD	ESP,12
   129 00000161 85 C0                           	TEST	EAX,EAX
   130 00000163 89 85 FFF06BC8                  	MOV	DWORD [-1020984+EBP],EAX
   131 00000169 7E 1C                           	JLE	L112
   132 0000016B                                 L17:
   133 0000016B 83 BD FFF06BC8 2D               	CMP	DWORD [-1020984+EBP],45
   134 00000172 0F 8E FFFFFF25                  	JLE	L95
   135 00000178 C7 85 FFF06BC8 0000002D         	MOV	DWORD [-1020984+EBP],45
   136 00000182 E9 FFFFFF16                     	JMP	L95
   137 00000187                                 L112:
   138 00000187 C7 85 FFF06BC8 00000001         	MOV	DWORD [-1020984+EBP],1
   139 00000191 EB D8                           	JMP	L17
   140 00000193                                 L110:
   141 00000193 6A 00                           	PUSH	0
   142 00000195 8D 85 FFF06BD0                  	LEA	EAX,DWORD [-1020976+EBP]
   143 0000019B 50                              	PUSH	EAX
   144 0000019C 8D 42 02                        	LEA	EAX,DWORD [2+EDX]
   145 0000019F 50                              	PUSH	EAX
   146 000001A0 E8 [00000000]                   	CALL	_strtol
   147 000001A5 83 C4 0C                        	ADD	ESP,12
   148 000001A8 83 F8 13                        	CMP	EAX,19
   149 000001AB 89 85 FFF06BCC                  	MOV	DWORD [-1020980+EBP],EAX
   150 000001B1 7F 0A                           	JG	L13
   151 000001B3 C7 85 FFF06BCC 00000014         	MOV	DWORD [-1020980+EBP],20
   152 000001BD                                 L13:
   153 000001BD 83 BD FFF06BCC 7E               	CMP	DWORD [-1020980+EBP],126
   154 000001C4 0F 8E FFFFFED3                  	JLE	L95
   155 000001CA C7 85 FFF06BCC 0000007E         	MOV	DWORD [-1020980+EBP],126
   156 000001D4 E9 FFFFFEC4                     	JMP	L95
   157 000001D9                                 L97:
   158 000001D9 85 FF                           	TEST	EDI,EDI
   159 000001DB 0F 84 FFFFFEEA                  	JE	L23
   160 000001E1 8B B5 FFF06BC8                  	MOV	ESI,DWORD [-1020984+EBP]
   161 000001E7 8B 9D FFF06BCC                  	MOV	EBX,DWORD [-1020980+EBP]
   162 000001ED C1 E6 04                        	SAL	ESI,4
   163 000001F0 68 [0000001E]                   	PUSH	LC1
   164 000001F5 C1 E3 03                        	SAL	EBX,3
   165 000001F8 68 000000FF                     	PUSH	255
   166 000001FD 8D 46 25                        	LEA	EAX,DWORD [37+ESI]
   167 00000200 83 C6 1E                        	ADD	ESI,30
   168 00000203 50                              	PUSH	EAX
   169 00000204 8D 43 10                        	LEA	EAX,DWORD [16+EBX]
   170 00000207 50                              	PUSH	EAX
   171 00000208 83 C3 09                        	ADD	EBX,9
   172 0000020B 8D 85 FFF42BF4                  	LEA	EAX,DWORD [-775180+EBP]
   173 00000211 50                              	PUSH	EAX
   174 00000212 E8 [00000000]                   	CALL	_api_openwin
   175 00000217 6A 07                           	PUSH	7
   176 00000219 56                              	PUSH	ESI
   177 0000021A 53                              	PUSH	EBX
   178 0000021B 89 85 FFF06BB8                  	MOV	DWORD [-1021000+EBP],EAX
   179 00000221 6A 1B                           	PUSH	27
   180 00000223 6A 06                           	PUSH	6
   181 00000225 50                              	PUSH	EAX
   182 00000226 E8 [00000000]                   	CALL	_api_boxfilwin
   183 0000022B 83 C4 2C                        	ADD	ESP,44
   184 0000022E 8B 8D FFF06BAC                  	MOV	ECX,DWORD [-1021012+EBP]
   185 00000234 C6 01 00                        	MOV	BYTE [ECX],0
   186 00000237 57                              	PUSH	EDI
   187 00000238 E8 [00000000]                   	CALL	_api_fopen
   188 0000023D 5B                              	POP	EBX
   189 0000023E 89 C7                           	MOV	EDI,EAX
   190 00000240 85 C0                           	TEST	EAX,EAX
   191 00000242 75 10                           	JNE	L33
   192 00000244 68 [00000029]                   	PUSH	LC2
   193 00000249 E8 [00000000]                   	CALL	_api_putstr0
   194 0000024E E8 [00000000]                   	CALL	_api_end
   195 00000253 59                              	POP	ECX
   196 00000254                                 L33:
   197 00000254 6A 00                           	PUSH	0
   198 00000256 57                              	PUSH	EDI
   199 00000257 E8 [00000000]                   	CALL	_api_fsize
   200 0000025C 89 C6                           	MOV	ESI,EAX
   201 0000025E 58                              	POP	EAX
   202 0000025F 5A                              	POP	EDX
   203 00000260 81 FE 0003BFFE                  	CMP	ESI,245758
   204 00000266 7E 05                           	JLE	L34
   205 00000268 BE 0003BFFE                     	MOV	ESI,245758
   206 0000026D                                 L34:
   207 0000026D 57                              	PUSH	EDI
   208 0000026E 8D 9D FFF06BF5                  	LEA	EBX,DWORD [-1020939+EBP]
   209 00000274 56                              	PUSH	ESI
   210 00000275 53                              	PUSH	EBX
   211 00000276 C6 85 FFF06BF4 0A               	MOV	BYTE [-1020940+EBP],10
   212 0000027D E8 [00000000]                   	CALL	_api_fread
   213 00000282 57                              	PUSH	EDI
   214 00000283 89 DF                           	MOV	EDI,EBX
   215 00000285 E8 [00000000]                   	CALL	_api_fclose
   216 0000028A C6 84 35 FFF06BF5 00            	MOV	BYTE [-1020939+EBP+ESI*1],0
   217 00000292 83 C4 10                        	ADD	ESP,16
   218 00000295 89 9D FFF06BD0                  	MOV	DWORD [-1020976+EBP],EBX
   219 0000029B 80 BD FFF06BF5 00               	CMP	BYTE [-1020939+EBP],0
   220 000002A2 74 24                           	JE	L101
   221 000002A4                                 L40:
   222 000002A4 8B 85 FFF06BD0                  	MOV	EAX,DWORD [-1020976+EBP]
   223 000002AA 8A 00                           	MOV	AL,BYTE [EAX]
   224 000002AC 3C 0D                           	CMP	AL,13
   225 000002AE 74 03                           	JE	L37
   226 000002B0 88 07                           	MOV	BYTE [EDI],AL
   227 000002B2 47                              	INC	EDI
   228 000002B3                                 L37:
   229 000002B3 8B 95 FFF06BD0                  	MOV	EDX,DWORD [-1020976+EBP]
   230 000002B9 8D 42 01                        	LEA	EAX,DWORD [1+EDX]
   231 000002BC 89 85 FFF06BD0                  	MOV	DWORD [-1020976+EBP],EAX
   232 000002C2 80 7A 01 00                     	CMP	BYTE [1+EDX],0
   233 000002C6 75 DC                           	JNE	L40
   234 000002C8                                 L101:
   235 000002C8 8D 85 FFF06BF5                  	LEA	EAX,DWORD [-1020939+EBP]
   236 000002CE C6 07 00                        	MOV	BYTE [EDI],0
   237 000002D1 89 85 FFF06BD0                  	MOV	DWORD [-1020976+EBP],EAX
   238 000002D7                                 L41:
   239 000002D7 FF B5 FFF06BB4                  	PUSH	DWORD [-1021004+EBP]
   240 000002DD FF B5 FFF06BC4                  	PUSH	DWORD [-1020988+EBP]
   241 000002E3 FF B5 FFF06BD0                  	PUSH	DWORD [-1020976+EBP]
   242 000002E9 FF B5 FFF06BB0                  	PUSH	DWORD [-1021008+EBP]
   243 000002EF FF B5 FFF06BC8                  	PUSH	DWORD [-1020984+EBP]
   244 000002F5 FF B5 FFF06BCC                  	PUSH	DWORD [-1020980+EBP]
   245 000002FB FF B5 FFF06BB8                  	PUSH	DWORD [-1021000+EBP]
   246 00000301 E8 000001CC                     	CALL	_textview
   247 00000306 6A 01                           	PUSH	1
   248 00000308 E8 [00000000]                   	CALL	_api_getkey
   249 0000030D 83 C4 20                        	ADD	ESP,32
   250 00000310 89 C7                           	MOV	EDI,EAX
   251 00000312 83 F8 51                        	CMP	EAX,81
   252 00000315 0F 84 00000198                  	JE	L45
   253 0000031B 83 F8 71                        	CMP	EAX,113
   254 0000031E 0F 84 0000018F                  	JE	L45
   255 00000324                                 L44:
   256 00000324 8D 4F BF                        	LEA	ECX,DWORD [-65+EDI]
   257 00000327 83 F9 05                        	CMP	ECX,5
   258 0000032A 77 10                           	JA	L46
   259 0000032C C7 85 FFF06BC0 00000001         	MOV	DWORD [-1020992+EBP],1
   260 00000336 D3 A5 FFF06BC0                  	SAL	DWORD [-1020992+EBP],CL
   261 0000033C                                 L46:
   262 0000033C 8D 4F 9F                        	LEA	ECX,DWORD [-97+EDI]
   263 0000033F 83 F9 05                        	CMP	ECX,5
   264 00000342 77 10                           	JA	L47
   265 00000344 C7 85 FFF06BBC 00000001         	MOV	DWORD [-1020996+EBP],1
   266 0000034E D3 A5 FFF06BBC                  	SAL	DWORD [-1020996+EBP],CL
   267 00000354                                 L47:
   268 00000354 83 FF 3C                        	CMP	EDI,60
   269 00000357 0F 84 0000012E                  	JE	L113
   270 0000035D                                 L48:
   271 0000035D 83 FF 3E                        	CMP	EDI,62
   272 00000360 0F 84 0000010A                  	JE	L114
   273 00000366                                 L49:
   274 00000366 83 FF 34                        	CMP	EDI,52
   275 00000369 0F 84 000000D5                  	JE	L51
   276 0000036F                                 L50:
   277 0000036F 83 FF 36                        	CMP	EDI,54
   278 00000372 0F 84 000000AE                  	JE	L57
   279 00000378                                 L56:
   280 00000378 83 FF 38                        	CMP	EDI,56
   281 0000037B 74 52                           	JE	L62
   282 0000037D                                 L61:
   283 0000037D 83 FF 32                        	CMP	EDI,50
   284 00000380                                 L107:
   285 00000380 0F 85 FFFFFF51                  	JNE	L41
   286 00000386 31 F6                           	XOR	ESI,ESI
   287 00000388 3B B5 FFF06BBC                  	CMP	ESI,DWORD [-1020996+EBP]
   288 0000038E 7D 32                           	JGE	L82
   289 00000390                                 L92:
   290 00000390 8B BD FFF06BD0                  	MOV	EDI,DWORD [-1020976+EBP]
   291 00000396 8A 07                           	MOV	AL,BYTE [EDI]
   292 00000398 84 C0                           	TEST	AL,AL
   293 0000039A 74 0F                           	JE	L86
   294 0000039C 3C 0A                           	CMP	AL,10
   295 0000039E 74 0B                           	JE	L86
   296 000003A0                                 L90:
   297 000003A0 47                              	INC	EDI
   298 000003A1 8A 07                           	MOV	AL,BYTE [EDI]
   299 000003A3 84 C0                           	TEST	AL,AL
   300 000003A5 74 04                           	JE	L86
   301 000003A7 3C 0A                           	CMP	AL,10
   302 000003A9 75 F5                           	JNE	L90
   303 000003AB                                 L86:
   304 000003AB 80 3F 00                        	CMP	BYTE [EDI],0
   305 000003AE 74 12                           	JE	L82
   306 000003B0 8D 47 01                        	LEA	EAX,DWORD [1+EDI]
   307 000003B3 46                              	INC	ESI
   308 000003B4 89 85 FFF06BD0                  	MOV	DWORD [-1020976+EBP],EAX
   309 000003BA 3B B5 FFF06BBC                  	CMP	ESI,DWORD [-1020996+EBP]
   310 000003C0 7C CE                           	JL	L92
   311 000003C2                                 L82:
   312 000003C2 6A 00                           	PUSH	0
   313 000003C4 E8 [00000000]                   	CALL	_api_getkey
   314 000003C9 5A                              	POP	EDX
   315 000003CA 83 F8 32                        	CMP	EAX,50
   316 000003CD EB B1                           	JMP	L107
   317 000003CF                                 L62:
   318 000003CF 31 F6                           	XOR	ESI,ESI
   319 000003D1 3B B5 FFF06BBC                  	CMP	ESI,DWORD [-1020996+EBP]
   320 000003D7 7D 3B                           	JGE	L66
   321 000003D9                                 L75:
   322 000003D9 8D 85 FFF06BF5                  	LEA	EAX,DWORD [-1020939+EBP]
   323 000003DF 8B 95 FFF06BD0                  	MOV	EDX,DWORD [-1020976+EBP]
   324 000003E5 39 C2                           	CMP	EDX,EAX
   325 000003E7 74 2B                           	JE	L66
   326 000003E9 8D 42 FF                        	LEA	EAX,DWORD [-1+EDX]
   327 000003EC 89 85 FFF06BD0                  	MOV	DWORD [-1020976+EBP],EAX
   328 000003F2 80 78 FF 0A                     	CMP	BYTE [-1+EAX],10
   329 000003F6 74 13                           	JE	L104
   330 000003F8                                 L74:
   331 000003F8 8B 85 FFF06BD0                  	MOV	EAX,DWORD [-1020976+EBP]
   332 000003FE 48                              	DEC	EAX
   333 000003FF 89 85 FFF06BD0                  	MOV	DWORD [-1020976+EBP],EAX
   334 00000405 80 78 FF 0A                     	CMP	BYTE [-1+EAX],10
   335 00000409 75 ED                           	JNE	L74
   336 0000040B                                 L104:
   337 0000040B 46                              	INC	ESI
   338 0000040C 3B B5 FFF06BBC                  	CMP	ESI,DWORD [-1020996+EBP]
   339 00000412 7C C5                           	JL	L75
   340 00000414                                 L66:
   341 00000414 6A 00                           	PUSH	0
   342 00000416 E8 [00000000]                   	CALL	_api_getkey
   343 0000041B 59                              	POP	ECX
   344 0000041C 83 F8 38                        	CMP	EAX,56
   345 0000041F 74 AE                           	JE	L62
   346 00000421 E9 FFFFFF57                     	JMP	L61
   347 00000426                                 L57:
   348 00000426 8B 8D FFF06BC0                  	MOV	ECX,DWORD [-1020992+EBP]
   349 0000042C 6A 00                           	PUSH	0
   350 0000042E 01 8D FFF06BB0                  	ADD	DWORD [-1021008+EBP],ECX
   351 00000434 E8 [00000000]                   	CALL	_api_getkey
   352 00000439 83 F8 36                        	CMP	EAX,54
   353 0000043C 5B                              	POP	EBX
   354 0000043D 74 E7                           	JE	L57
   355 0000043F E9 FFFFFF34                     	JMP	L56
   356 00000444                                 L51:
   357 00000444 8B 85 FFF06BC0                  	MOV	EAX,DWORD [-1020992+EBP]
   358 0000044A 29 85 FFF06BB0                  	SUB	DWORD [-1021008+EBP],EAX
   359 00000450 78 12                           	JS	L115
   360 00000452                                 L54:
   361 00000452 6A 00                           	PUSH	0
   362 00000454 E8 [00000000]                   	CALL	_api_getkey
   363 00000459 5E                              	POP	ESI
   364 0000045A 83 F8 34                        	CMP	EAX,52
   365 0000045D 74 E5                           	JE	L51
   366 0000045F E9 FFFFFF0B                     	JMP	L50
   367 00000464                                 L115:
   368 00000464 C7 85 FFF06BB0 00000000         	MOV	DWORD [-1021008+EBP],0
   369 0000046E EB E2                           	JMP	L54
   370 00000470                                 L114:
   371 00000470 81 BD FFF06BC4 000000FF         	CMP	DWORD [-1020988+EBP],255
   372 0000047A 0F 8F FFFFFEE6                  	JG	L49
   373 00000480 D1 A5 FFF06BC4                  	SAL	DWORD [-1020988+EBP],1
   374 00000486 E9 FFFFFEDB                     	JMP	L49
   375 0000048B                                 L113:
   376 0000048B 83 BD FFF06BC4 01               	CMP	DWORD [-1020988+EBP],1
   377 00000492 0F 8E FFFFFEC5                  	JLE	L48
   378 00000498 8B 85 FFF06BC4                  	MOV	EAX,DWORD [-1020988+EBP]
   379 0000049E BA 00000002                     	MOV	EDX,2
   380 000004A3 89 D1                           	MOV	ECX,EDX
   381 000004A5 99                              	CDQ
   382 000004A6 F7 F9                           	IDIV	ECX
   383 000004A8 89 85 FFF06BC4                  	MOV	DWORD [-1020988+EBP],EAX
   384 000004AE E9 FFFFFEAA                     	JMP	L48
   385 000004B3                                 L45:
   386 000004B3 E8 [00000000]                   	CALL	_api_end
   387 000004B8 E9 FFFFFE67                     	JMP	L44
   388 000004BD                                 	GLOBAL	_skipspace
   389 000004BD                                 _skipspace:
   390 000004BD 55                              	PUSH	EBP
   391 000004BE 89 E5                           	MOV	EBP,ESP
   392 000004C0 8B 45 08                        	MOV	EAX,DWORD [8+EBP]
   393 000004C3 80 38 20                        	CMP	BYTE [EAX],32
   394 000004C6 74 02                           	JE	L121
   395 000004C8                                 L123:
   396 000004C8 5D                              	POP	EBP
   397 000004C9 C3                              	RET
   398 000004CA                                 L121:
   399 000004CA 40                              	INC	EAX
   400 000004CB 80 38 20                        	CMP	BYTE [EAX],32
   401 000004CE 74 FA                           	JE	L121
   402 000004D0 EB F6                           	JMP	L123
   403 000004D2                                 	GLOBAL	_textview
   404 000004D2                                 _textview:
   405 000004D2 55                              	PUSH	EBP
   406 000004D3 89 E5                           	MOV	EBP,ESP
   407 000004D5 57                              	PUSH	EDI
   408 000004D6 56                              	PUSH	ESI
   409 000004D7 53                              	PUSH	EBX
   410 000004D8 83 EC 18                        	SUB	ESP,24
   411 000004DB 8B 45 08                        	MOV	EAX,DWORD [8+EBP]
   412 000004DE 8B 55 0C                        	MOV	EDX,DWORD [12+EBP]
   413 000004E1 89 45 F0                        	MOV	DWORD [-16+EBP],EAX
   414 000004E4 8B 75 10                        	MOV	ESI,DWORD [16+EBP]
   415 000004E7 8B 45 14                        	MOV	EAX,DWORD [20+EBP]
   416 000004EA 89 55 EC                        	MOV	DWORD [-20+EBP],EDX
   417 000004ED 89 45 E8                        	MOV	DWORD [-24+EBP],EAX
   418 000004F0 8B 55 18                        	MOV	EDX,DWORD [24+EBP]
   419 000004F3 8B 45 1C                        	MOV	EAX,DWORD [28+EBP]
   420 000004F6 89 55 E4                        	MOV	DWORD [-28+EBP],EDX
   421 000004F9 89 45 E0                        	MOV	DWORD [-32+EBP],EAX
   422 000004FC 8B 55 20                        	MOV	EDX,DWORD [32+EBP]
   423 000004FF 89 F0                           	MOV	EAX,ESI
   424 00000501 89 55 DC                        	MOV	DWORD [-36+EBP],EDX
   425 00000504 C1 E0 04                        	SAL	EAX,4
   426 00000507 6A 07                           	PUSH	7
   427 00000509 83 C0 1C                        	ADD	EAX,28
   428 0000050C 50                              	PUSH	EAX
   429 0000050D 8B 55 EC                        	MOV	EDX,DWORD [-20+EBP]
   430 00000510 8D 04 D5 00000007               	LEA	EAX,DWORD [7+EDX*8]
   431 00000517 50                              	PUSH	EAX
   432 00000518 6A 1D                           	PUSH	29
   433 0000051A 6A 08                           	PUSH	8
   434 0000051C 8B 45 F0                        	MOV	EAX,DWORD [-16+EBP]
   435 0000051F 40                              	INC	EAX
   436 00000520 50                              	PUSH	EAX
   437 00000521 E8 [00000000]                   	CALL	_api_boxfilwin
   438 00000526 83 C4 18                        	ADD	ESP,24
   439 00000529 85 F6                           	TEST	ESI,ESI
   440 0000052B 7E 2B                           	JLE	L131
   441 0000052D BF 0000001D                     	MOV	EDI,29
   442 00000532 89 F3                           	MOV	EBX,ESI
   443 00000534                                 L129:
   444 00000534 FF 75 DC                        	PUSH	DWORD [-36+EBP]
   445 00000537 FF 75 E0                        	PUSH	DWORD [-32+EBP]
   446 0000053A FF 75 E4                        	PUSH	DWORD [-28+EBP]
   447 0000053D FF 75 E8                        	PUSH	DWORD [-24+EBP]
   448 00000540 57                              	PUSH	EDI
   449 00000541 83 C7 10                        	ADD	EDI,16
   450 00000544 FF 75 EC                        	PUSH	DWORD [-20+EBP]
   451 00000547 FF 75 F0                        	PUSH	DWORD [-16+EBP]
   452 0000054A E8 0000003F                     	CALL	_lineview
   453 0000054F 83 C4 1C                        	ADD	ESP,28
   454 00000552 4B                              	DEC	EBX
   455 00000553 89 45 E4                        	MOV	DWORD [-28+EBP],EAX
   456 00000556 75 DC                           	JNE	L129
   457 00000558                                 L131:
   458 00000558 C1 E6 04                        	SAL	ESI,4
   459 0000055B 8B 55 EC                        	MOV	EDX,DWORD [-20+EBP]
   460 0000055E C7 45 10 0000001D               	MOV	DWORD [16+EBP],29
   461 00000565 8D 46 1D                        	LEA	EAX,DWORD [29+ESI]
   462 00000568 89 45 18                        	MOV	DWORD [24+EBP],EAX
   463 0000056B 8D 04 D5 00000008               	LEA	EAX,DWORD [8+EDX*8]
   464 00000572 89 45 14                        	MOV	DWORD [20+EBP],EAX
   465 00000575 8B 45 F0                        	MOV	EAX,DWORD [-16+EBP]
   466 00000578 C7 45 0C 00000008               	MOV	DWORD [12+EBP],8
   467 0000057F 89 45 08                        	MOV	DWORD [8+EBP],EAX
   468 00000582 8D 65 F4                        	LEA	ESP,DWORD [-12+EBP]
   469 00000585 5B                              	POP	EBX
   470 00000586 5E                              	POP	ESI
   471 00000587 5F                              	POP	EDI
   472 00000588 5D                              	POP	EBP
   473 00000589 E9 [00000000]                   	JMP	_api_refreshwin
   474 0000058E                                 	GLOBAL	_lineview
   475 0000058E                                 _lineview:
   476 0000058E 55                              	PUSH	EBP
   477 0000058F 89 E5                           	MOV	EBP,ESP
   478 00000591 57                              	PUSH	EDI
   479 00000592 56                              	PUSH	ESI
   480 00000593 53                              	PUSH	EBX
   481 00000594 81 EC 00000090                  	SUB	ESP,144
   482 0000059A 8B 7D 14                        	MOV	EDI,DWORD [20+EBP]
   483 0000059D 8B 75 0C                        	MOV	ESI,DWORD [12+EBP]
   484 000005A0 89 FA                           	MOV	EDX,EDI
   485 000005A2 8B 5D 18                        	MOV	EBX,DWORD [24+EBP]
   486 000005A5 F7 DA                           	NEG	EDX
   487 000005A7                                 L133:
   488 000005A7 8A 03                           	MOV	AL,BYTE [EBX]
   489 000005A9 84 C0                           	TEST	AL,AL
   490 000005AB 0F 84 000001F7                  	JE	L134
   491 000005B1 3C 0A                           	CMP	AL,10
   492 000005B3 0F 84 000001EE                  	JE	L172
   493 000005B9 83 7D 20 00                     	CMP	DWORD [32+EBP],0
   494 000005BD 75 19                           	JNE	L138
   495 000005BF 3C 09                           	CMP	AL,9
   496 000005C1 0F 84 000001C4                  	JE	L173
   497 000005C7 85 D2                           	TEST	EDX,EDX
   498 000005C9 78 0B                           	JS	L141
   499 000005CB 39 F2                           	CMP	EDX,ESI
   500 000005CD 7D 07                           	JGE	L141
   501 000005CF 88 84 15 FFFFFF64               	MOV	BYTE [-156+EBP+EDX*1],AL
   502 000005D6                                 L141:
   503 000005D6 42                              	INC	EDX
   504 000005D7                                 L140:
   505 000005D7 43                              	INC	EBX
   506 000005D8                                 L138:
   507 000005D8 83 7D 20 01                     	CMP	DWORD [32+EBP],1
   508 000005DC 0F 84 0000011B                  	JE	L174
   509 000005E2                                 L142:
   510 000005E2 83 7D 20 02                     	CMP	DWORD [32+EBP],2
   511 000005E6 0F 84 0000008A                  	JE	L175
   512 000005EC                                 L152:
   513 000005EC 83 7D 20 03                     	CMP	DWORD [32+EBP],3
   514 000005F0 75 B5                           	JNE	L133
   515 000005F2 8A 0B                           	MOV	CL,BYTE [EBX]
   516 000005F4 80 F9 09                        	CMP	CL,9
   517 000005F7 74 60                           	JE	L176
   518 000005F9 8D 41 5F                        	LEA	EAX,DWORD [95+ECX]
   519 000005FC 3C 5D                           	CMP	AL,93
   520 000005FE 76 13                           	JBE	L177
   521 00000600 85 D2                           	TEST	EDX,EDX
   522 00000602 78 0B                           	JS	L169
   523 00000604 39 F2                           	CMP	EDX,ESI
   524 00000606 7D 07                           	JGE	L169
   525 00000608 88 8C 15 FFFFFF64               	MOV	BYTE [-156+EBP+EDX*1],CL
   526 0000060F                                 L169:
   527 0000060F 42                              	INC	EDX
   528 00000610 43                              	INC	EBX
   529 00000611 EB 94                           	JMP	L133
   530 00000613                                 L177:
   531 00000613 83 FA FF                        	CMP	EDX,-1
   532 00000616 74 38                           	JE	L178
   533 00000618                                 L165:
   534 00000618 85 D2                           	TEST	EDX,EDX
   535 0000061A 78 18                           	JS	L166
   536 0000061C 8D 46 FF                        	LEA	EAX,DWORD [-1+ESI]
   537 0000061F 39 C2                           	CMP	EDX,EAX
   538 00000621 7D 11                           	JGE	L166
   539 00000623 88 8C 15 FFFFFF64               	MOV	BYTE [-156+EBP+EDX*1],CL
   540 0000062A 8A 43 01                        	MOV	AL,BYTE [1+EBX]
   541 0000062D 88 84 15 FFFFFF65               	MOV	BYTE [-155+EBP+EDX*1],AL
   542 00000634                                 L166:
   543 00000634 8D 46 FF                        	LEA	EAX,DWORD [-1+ESI]
   544 00000637 39 C2                           	CMP	EDX,EAX
   545 00000639 74 0B                           	JE	L179
   546 0000063B                                 L167:
   547 0000063B 83 C2 02                        	ADD	EDX,2
   548 0000063E 83 C3 02                        	ADD	EBX,2
   549 00000641 E9 FFFFFF61                     	JMP	L133
   550 00000646                                 L179:
   551 00000646 C6 84 15 FFFFFF64 20            	MOV	BYTE [-156+EBP+EDX*1],32
   552 0000064E EB EB                           	JMP	L167
   553 00000650                                 L178:
   554 00000650 C6 85 FFFFFF64 20               	MOV	BYTE [-156+EBP],32
   555 00000657 EB BF                           	JMP	L165
   556 00000659                                 L176:
   557 00000659 FF 75 1C                        	PUSH	DWORD [28+EBP]
   558 0000065C 8D 85 FFFFFF64                  	LEA	EAX,DWORD [-156+EBP]
   559 00000662 43                              	INC	EBX
   560 00000663 50                              	PUSH	EAX
   561 00000664 57                              	PUSH	EDI
   562 00000665 56                              	PUSH	ESI
   563 00000666 52                              	PUSH	EDX
   564 00000667 E8 00000174                     	CALL	_puttab
   565 0000066C 83 C4 14                        	ADD	ESP,20
   566 0000066F 89 C2                           	MOV	EDX,EAX
   567 00000671 E9 FFFFFF31                     	JMP	L133
   568 00000676                                 L175:
   569 00000676 8A 0B                           	MOV	CL,BYTE [EBX]
   570 00000678 80 F9 09                        	CMP	CL,9
   571 0000067B 74 63                           	JE	L180
   572 0000067D 8D 41 5F                        	LEA	EAX,DWORD [95+ECX]
   573 00000680 3C 5D                           	CMP	AL,93
   574 00000682 77 46                           	JA	L155
   575 00000684 83 FA FF                        	CMP	EDX,-1
   576 00000687 74 38                           	JE	L181
   577 00000689                                 L156:
   578 00000689 85 D2                           	TEST	EDX,EDX
   579 0000068B 78 18                           	JS	L157
   580 0000068D 8D 46 FF                        	LEA	EAX,DWORD [-1+ESI]
   581 00000690 39 C2                           	CMP	EDX,EAX
   582 00000692 7D 11                           	JGE	L157
   583 00000694 88 8C 15 FFFFFF64               	MOV	BYTE [-156+EBP+EDX*1],CL
   584 0000069B 8A 43 01                        	MOV	AL,BYTE [1+EBX]
   585 0000069E 88 84 15 FFFFFF65               	MOV	BYTE [-155+EBP+EDX*1],AL
   586 000006A5                                 L157:
   587 000006A5 8D 46 FF                        	LEA	EAX,DWORD [-1+ESI]
   588 000006A8 39 C2                           	CMP	EDX,EAX
   589 000006AA 74 0B                           	JE	L182
   590 000006AC                                 L158:
   591 000006AC 83 C2 02                        	ADD	EDX,2
   592 000006AF 83 C3 02                        	ADD	EBX,2
   593 000006B2 E9 FFFFFF35                     	JMP	L152
   594 000006B7                                 L182:
   595 000006B7 C6 84 15 FFFFFF64 20            	MOV	BYTE [-156+EBP+EDX*1],32
   596 000006BF EB EB                           	JMP	L158
   597 000006C1                                 L181:
   598 000006C1 C6 85 FFFFFF64 20               	MOV	BYTE [-156+EBP],32
   599 000006C8 EB BF                           	JMP	L156
   600 000006CA                                 L155:
   601 000006CA 85 D2                           	TEST	EDX,EDX
   602 000006CC 78 0B                           	JS	L160
   603 000006CE 39 F2                           	CMP	EDX,ESI
   604 000006D0 7D 07                           	JGE	L160
   605 000006D2 88 8C 15 FFFFFF64               	MOV	BYTE [-156+EBP+EDX*1],CL
   606 000006D9                                 L160:
   607 000006D9 42                              	INC	EDX
   608 000006DA 43                              	INC	EBX
   609 000006DB E9 FFFFFF0C                     	JMP	L152
   610 000006E0                                 L180:
   611 000006E0 FF 75 1C                        	PUSH	DWORD [28+EBP]
   612 000006E3 8D 85 FFFFFF64                  	LEA	EAX,DWORD [-156+EBP]
   613 000006E9 43                              	INC	EBX
   614 000006EA 50                              	PUSH	EAX
   615 000006EB 57                              	PUSH	EDI
   616 000006EC 56                              	PUSH	ESI
   617 000006ED 52                              	PUSH	EDX
   618 000006EE E8 000000ED                     	CALL	_puttab
   619 000006F3 83 C4 14                        	ADD	ESP,20
   620 000006F6 89 C2                           	MOV	EDX,EAX
   621 000006F8 E9 FFFFFEEF                     	JMP	L152
   622 000006FD                                 L174:
   623 000006FD 8A 0B                           	MOV	CL,BYTE [EBX]
   624 000006FF 80 F9 09                        	CMP	CL,9
   625 00000702 74 6A                           	JE	L183
   626 00000704 8D 41 7F                        	LEA	EAX,DWORD [127+ECX]
   627 00000707 3C 1E                           	CMP	AL,30
   628 00000709 76 07                           	JBE	L146
   629 0000070B 8D 41 20                        	LEA	EAX,DWORD [32+ECX]
   630 0000070E 3C 1C                           	CMP	AL,28
   631 00000710 77 46                           	JA	L145
   632 00000712                                 L146:
   633 00000712 83 FA FF                        	CMP	EDX,-1
   634 00000715 74 38                           	JE	L184
   635 00000717                                 L147:
   636 00000717 85 D2                           	TEST	EDX,EDX
   637 00000719 78 18                           	JS	L148
   638 0000071B 8D 46 FF                        	LEA	EAX,DWORD [-1+ESI]
   639 0000071E 39 C2                           	CMP	EDX,EAX
   640 00000720 7D 11                           	JGE	L148
   641 00000722 88 8C 15 FFFFFF64               	MOV	BYTE [-156+EBP+EDX*1],CL
   642 00000729 8A 43 01                        	MOV	AL,BYTE [1+EBX]
   643 0000072C 88 84 15 FFFFFF65               	MOV	BYTE [-155+EBP+EDX*1],AL
   644 00000733                                 L148:
   645 00000733 8D 46 FF                        	LEA	EAX,DWORD [-1+ESI]
   646 00000736 39 C2                           	CMP	EDX,EAX
   647 00000738 74 0B                           	JE	L185
   648 0000073A                                 L149:
   649 0000073A 83 C2 02                        	ADD	EDX,2
   650 0000073D 83 C3 02                        	ADD	EBX,2
   651 00000740 E9 FFFFFE9D                     	JMP	L142
   652 00000745                                 L185:
   653 00000745 C6 84 15 FFFFFF64 20            	MOV	BYTE [-156+EBP+EDX*1],32
   654 0000074D EB EB                           	JMP	L149
   655 0000074F                                 L184:
   656 0000074F C6 85 FFFFFF64 20               	MOV	BYTE [-156+EBP],32
   657 00000756 EB BF                           	JMP	L147
   658 00000758                                 L145:
   659 00000758 85 D2                           	TEST	EDX,EDX
   660 0000075A 78 0B                           	JS	L151
   661 0000075C 39 F2                           	CMP	EDX,ESI
   662 0000075E 7D 07                           	JGE	L151
   663 00000760 88 8C 15 FFFFFF64               	MOV	BYTE [-156+EBP+EDX*1],CL
   664 00000767                                 L151:
   665 00000767 42                              	INC	EDX
   666 00000768 43                              	INC	EBX
   667 00000769 E9 FFFFFE74                     	JMP	L142
   668 0000076E                                 L183:
   669 0000076E FF 75 1C                        	PUSH	DWORD [28+EBP]
   670 00000771 8D 85 FFFFFF64                  	LEA	EAX,DWORD [-156+EBP]
   671 00000777 43                              	INC	EBX
   672 00000778 50                              	PUSH	EAX
   673 00000779 57                              	PUSH	EDI
   674 0000077A 56                              	PUSH	ESI
   675 0000077B 52                              	PUSH	EDX
   676 0000077C E8 0000005F                     	CALL	_puttab
   677 00000781 83 C4 14                        	ADD	ESP,20
   678 00000784 89 C2                           	MOV	EDX,EAX
   679 00000786 E9 FFFFFE57                     	JMP	L142
   680 0000078B                                 L173:
   681 0000078B FF 75 1C                        	PUSH	DWORD [28+EBP]
   682 0000078E 8D 85 FFFFFF64                  	LEA	EAX,DWORD [-156+EBP]
   683 00000794 50                              	PUSH	EAX
   684 00000795 57                              	PUSH	EDI
   685 00000796 56                              	PUSH	ESI
   686 00000797 52                              	PUSH	EDX
   687 00000798 E8 00000043                     	CALL	_puttab
   688 0000079D 83 C4 14                        	ADD	ESP,20
   689 000007A0 89 C2                           	MOV	EDX,EAX
   690 000007A2 E9 FFFFFE30                     	JMP	L140
   691 000007A7                                 L172:
   692 000007A7 43                              	INC	EBX
   693 000007A8                                 L134:
   694 000007A8 39 F2                           	CMP	EDX,ESI
   695 000007AA 7E 02                           	JLE	L170
   696 000007AC 89 F2                           	MOV	EDX,ESI
   697 000007AE                                 L170:
   698 000007AE 85 D2                           	TEST	EDX,EDX
   699 000007B0 7E 24                           	JLE	L171
   700 000007B2 8D 85 FFFFFF64                  	LEA	EAX,DWORD [-156+EBP]
   701 000007B8 50                              	PUSH	EAX
   702 000007B9 8B 45 08                        	MOV	EAX,DWORD [8+EBP]
   703 000007BC 52                              	PUSH	EDX
   704 000007BD 40                              	INC	EAX
   705 000007BE 6A 00                           	PUSH	0
   706 000007C0 FF 75 10                        	PUSH	DWORD [16+EBP]
   707 000007C3 6A 08                           	PUSH	8
   708 000007C5 50                              	PUSH	EAX
   709 000007C6 C6 84 15 FFFFFF64 00            	MOV	BYTE [-156+EBP+EDX*1],0
   710 000007CE E8 [00000000]                   	CALL	_api_putstrwin
   711 000007D3 83 C4 18                        	ADD	ESP,24
   712 000007D6                                 L171:
   713 000007D6 8D 65 F4                        	LEA	ESP,DWORD [-12+EBP]
   714 000007D9 89 D8                           	MOV	EAX,EBX
   715 000007DB 5B                              	POP	EBX
   716 000007DC 5E                              	POP	ESI
   717 000007DD 5F                              	POP	EDI
   718 000007DE 5D                              	POP	EBP
   719 000007DF C3                              	RET
   720 000007E0                                 	GLOBAL	_puttab
   721 000007E0                                 _puttab:
   722 000007E0 55                              	PUSH	EBP
   723 000007E1 89 E5                           	MOV	EBP,ESP
   724 000007E3 57                              	PUSH	EDI
   725 000007E4 56                              	PUSH	ESI
   726 000007E5 53                              	PUSH	EBX
   727 000007E6 8B 4D 08                        	MOV	ECX,DWORD [8+EBP]
   728 000007E9 8B 7D 10                        	MOV	EDI,DWORD [16+EBP]
   729 000007EC 8B 75 14                        	MOV	ESI,DWORD [20+EBP]
   730 000007EF 8B 5D 18                        	MOV	EBX,DWORD [24+EBP]
   731 000007F2                                 L187:
   732 000007F2 85 C9                           	TEST	ECX,ECX
   733 000007F4 78 09                           	JS	L190
   734 000007F6 3B 4D 0C                        	CMP	ECX,DWORD [12+EBP]
   735 000007F9 7D 04                           	JGE	L190
   736 000007FB C6 04 31 20                     	MOV	BYTE [ECX+ESI*1],32
   737 000007FF                                 L190:
   738 000007FF 41                              	INC	ECX
   739 00000800 8D 04 0F                        	LEA	EAX,DWORD [EDI+ECX*1]
   740 00000803 99                              	CDQ
   741 00000804 F7 FB                           	IDIV	EBX
   742 00000806 85 D2                           	TEST	EDX,EDX
   743 00000808 75 E8                           	JNE	L187
   744 0000080A 5B                              	POP	EBX
   745 0000080B 89 C8                           	MOV	EAX,ECX
   746 0000080D 5E                              	POP	ESI
   747 0000080E 5F                              	POP	EDI
   748 0000080F 5D                              	POP	EBP
   749 00000810 C3                              	RET
